Host: itprom.ru
Date: 2015-12-28 15:21:01
Module: 
element
    include < CBitrixComponent::__includeComponent < CBitrixComponent::includeComponent < CAllMain::IncludeComponent < include_once
	/var/www/u0095419/data/www/itprom.ru/bitrix/modules/main/classes/general/component.php:535
	/var/www/u0095419/data/www/itprom.ru/bitrix/modules/main/classes/general/component.php:578
	/var/www/u0095419/data/www/itprom.ru/bitrix/modules/main/classes/general/main.php:1050
	/var/www/u0095419/data/www/itprom.ru/catalog/index.php:347
	/var/www/u0095419/data/www/itprom.ru/bitrix/modules/main/include/urlrewrite.php:159
----------
Host: itprom.ru
Date: 2015-12-28 15:21:19
Module: 
element
    include < CBitrixComponent::__includeComponent < CBitrixComponent::includeComponent < CAllMain::IncludeComponent < include_once
	/var/www/u0095419/data/www/itprom.ru/bitrix/modules/main/classes/general/component.php:535
	/var/www/u0095419/data/www/itprom.ru/bitrix/modules/main/classes/general/component.php:578
	/var/www/u0095419/data/www/itprom.ru/bitrix/modules/main/classes/general/main.php:1050
	/var/www/u0095419/data/www/itprom.ru/catalog/index.php:347
	/var/www/u0095419/data/www/itprom.ru/bitrix/modules/main/include/urlrewrite.php:159
----------
Host: itprom.ru
Date: 2015-12-28 15:21:43
Module: 
element
    include < CBitrixComponent::__includeComponent < CBitrixComponent::includeComponent < CAllMain::IncludeComponent < include_once
	/var/www/u0095419/data/www/itprom.ru/bitrix/modules/main/classes/general/component.php:535
	/var/www/u0095419/data/www/itprom.ru/bitrix/modules/main/classes/general/component.php:578
	/var/www/u0095419/data/www/itprom.ru/bitrix/modules/main/classes/general/main.php:1050
	/var/www/u0095419/data/www/itprom.ru/catalog/index.php:347
	/var/www/u0095419/data/www/itprom.ru/bitrix/modules/main/include/urlrewrite.php:159
----------
Host: itprom.ru
Date: 2015-12-28 15:22:11
Module: 
element
    include < CBitrixComponent::__includeComponent < CBitrixComponent::includeComponent < CAllMain::IncludeComponent < include_once
	/var/www/u0095419/data/www/itprom.ru/bitrix/modules/main/classes/general/component.php:535
	/var/www/u0095419/data/www/itprom.ru/bitrix/modules/main/classes/general/component.php:578
	/var/www/u0095419/data/www/itprom.ru/bitrix/modules/main/classes/general/main.php:1050
	/var/www/u0095419/data/www/itprom.ru/catalog/index.php:347
	/var/www/u0095419/data/www/itprom.ru/bitrix/modules/main/include/urlrewrite.php:159
----------
Host: itprom.ru
Date: 2015-12-28 15:22:12
Module: 
section
    include < CBitrixComponent::__includeComponent < CBitrixComponent::includeComponent < CAllMain::IncludeComponent < include_once
	/var/www/u0095419/data/www/itprom.ru/bitrix/modules/main/classes/general/component.php:535
	/var/www/u0095419/data/www/itprom.ru/bitrix/modules/main/classes/general/component.php:578
	/var/www/u0095419/data/www/itprom.ru/bitrix/modules/main/classes/general/main.php:1050
	/var/www/u0095419/data/www/itprom.ru/catalog/index.php:347
	/var/www/u0095419/data/www/itprom.ru/bitrix/modules/main/include/urlrewrite.php:159
----------
Host: itprom.ru
Date: 2015-12-28 15:22:50
Module: 
element
    include < CBitrixComponent::__includeComponent < CBitrixComponent::includeComponent < CAllMain::IncludeComponent < include_once
	/var/www/u0095419/data/www/itprom.ru/bitrix/modules/main/classes/general/component.php:535
	/var/www/u0095419/data/www/itprom.ru/bitrix/modules/main/classes/general/component.php:578
	/var/www/u0095419/data/www/itprom.ru/bitrix/modules/main/classes/general/main.php:1050
	/var/www/u0095419/data/www/itprom.ru/catalog/index.php:347
	/var/www/u0095419/data/www/itprom.ru/bitrix/modules/main/include/urlrewrite.php:159
----------
Host: itprom.ru
Date: 2015-12-28 15:23:22
Module: 
element
    include < CBitrixComponent::__includeComponent < CBitrixComponent::includeComponent < CAllMain::IncludeComponent < include_once
	/var/www/u0095419/data/www/itprom.ru/bitrix/modules/main/classes/general/component.php:535
	/var/www/u0095419/data/www/itprom.ru/bitrix/modules/main/classes/general/component.php:578
	/var/www/u0095419/data/www/itprom.ru/bitrix/modules/main/classes/general/main.php:1050
	/var/www/u0095419/data/www/itprom.ru/catalog/index.php:347
	/var/www/u0095419/data/www/itprom.ru/bitrix/modules/main/include/urlrewrite.php:159
----------
Host: itprom.ru
Date: 2015-12-28 15:23:54
Module: 
element
    include < CBitrixComponent::__includeComponent < CBitrixComponent::includeComponent < CAllMain::IncludeComponent < include_once
	/var/www/u0095419/data/www/itprom.ru/bitrix/modules/main/classes/general/component.php:535
	/var/www/u0095419/data/www/itprom.ru/bitrix/modules/main/classes/general/component.php:578
	/var/www/u0095419/data/www/itprom.ru/bitrix/modules/main/classes/general/main.php:1050
	/var/www/u0095419/data/www/itprom.ru/catalog/index.php:347
	/var/www/u0095419/data/www/itprom.ru/bitrix/modules/main/include/urlrewrite.php:159
----------
Host: itprom.ru
Date: 2015-12-28 15:24:24
Module: 
element
    include < CBitrixComponent::__includeComponent < CBitrixComponent::includeComponent < CAllMain::IncludeComponent < include_once
	/var/www/u0095419/data/www/itprom.ru/bitrix/modules/main/classes/general/component.php:535
	/var/www/u0095419/data/www/itprom.ru/bitrix/modules/main/classes/general/component.php:578
	/var/www/u0095419/data/www/itprom.ru/bitrix/modules/main/classes/general/main.php:1050
	/var/www/u0095419/data/www/itprom.ru/catalog/index.php:347
	/var/www/u0095419/data/www/itprom.ru/bitrix/modules/main/include/urlrewrite.php:159
----------
Host: itprom.ru
Date: 2015-12-28 15:25:03
Module: 
element
    include < CBitrixComponent::__includeComponent < CBitrixComponent::includeComponent < CAllMain::IncludeComponent < include_once
	/var/www/u0095419/data/www/itprom.ru/bitrix/modules/main/classes/general/component.php:535
	/var/www/u0095419/data/www/itprom.ru/bitrix/modules/main/classes/general/component.php:578
	/var/www/u0095419/data/www/itprom.ru/bitrix/modules/main/classes/general/main.php:1050
	/var/www/u0095419/data/www/itprom.ru/catalog/index.php:347
	/var/www/u0095419/data/www/itprom.ru/bitrix/modules/main/include/urlrewrite.php:159
----------
Host: itprom.ru
Date: 2015-12-28 15:44:43
Module: 
element
    include < CBitrixComponent::__includeComponent < CBitrixComponent::includeComponent < CAllMain::IncludeComponent < include_once
	/var/www/u0095419/data/www/itprom.ru/bitrix/modules/main/classes/general/component.php:535
	/var/www/u0095419/data/www/itprom.ru/bitrix/modules/main/classes/general/component.php:578
	/var/www/u0095419/data/www/itprom.ru/bitrix/modules/main/classes/general/main.php:1050
	/var/www/u0095419/data/www/itprom.ru/catalog/index.php:347
	/var/www/u0095419/data/www/itprom.ru/bitrix/modules/main/include/urlrewrite.php:159
----------
Host: itprom.ru
Date: 2015-12-28 15:46:17
Module: 
element
    include < CBitrixComponent::__includeComponent < CBitrixComponent::includeComponent < CAllMain::IncludeComponent < include_once
	/var/www/u0095419/data/www/itprom.ru/bitrix/modules/main/classes/general/component.php:535
	/var/www/u0095419/data/www/itprom.ru/bitrix/modules/main/classes/general/component.php:578
	/var/www/u0095419/data/www/itprom.ru/bitrix/modules/main/classes/general/main.php:1050
	/var/www/u0095419/data/www/itprom.ru/catalog/index.php:347
	/var/www/u0095419/data/www/itprom.ru/bitrix/modules/main/include/urlrewrite.php:159
----------
Host: itprom.ru
Date: 2015-12-28 15:46:21
Module: 
element
    include < CBitrixComponent::__includeComponent < CBitrixComponent::includeComponent < CAllMain::IncludeComponent < include_once
	/var/www/u0095419/data/www/itprom.ru/bitrix/modules/main/classes/general/component.php:535
	/var/www/u0095419/data/www/itprom.ru/bitrix/modules/main/classes/general/component.php:578
	/var/www/u0095419/data/www/itprom.ru/bitrix/modules/main/classes/general/main.php:1050
	/var/www/u0095419/data/www/itprom.ru/catalog/index.php:347
	/var/www/u0095419/data/www/itprom.ru/bitrix/modules/main/include/urlrewrite.php:159
----------
Host: itprom.ru
Date: 2015-12-28 15:46:50
Module: 
element
    include < CBitrixComponent::__includeComponent < CBitrixComponent::includeComponent < CAllMain::IncludeComponent < include_once
	/var/www/u0095419/data/www/itprom.ru/bitrix/modules/main/classes/general/component.php:535
	/var/www/u0095419/data/www/itprom.ru/bitrix/modules/main/classes/general/component.php:578
	/var/www/u0095419/data/www/itprom.ru/bitrix/modules/main/classes/general/main.php:1050
	/var/www/u0095419/data/www/itprom.ru/catalog/index.php:347
	/var/www/u0095419/data/www/itprom.ru/bitrix/modules/main/include/urlrewrite.php:159
----------
Host: itprom.ru
Date: 2015-12-28 15:46:54
Module: 
element
    include < CBitrixComponent::__includeComponent < CBitrixComponent::includeComponent < CAllMain::IncludeComponent < include_once
	/var/www/u0095419/data/www/itprom.ru/bitrix/modules/main/classes/general/component.php:535
	/var/www/u0095419/data/www/itprom.ru/bitrix/modules/main/classes/general/component.php:578
	/var/www/u0095419/data/www/itprom.ru/bitrix/modules/main/classes/general/main.php:1050
	/var/www/u0095419/data/www/itprom.ru/catalog/index.php:347
	/var/www/u0095419/data/www/itprom.ru/bitrix/modules/main/include/urlrewrite.php:159
----------
Host: itprom.ru
Date: 2015-12-28 15:47:33
Module: 
element
    include < CBitrixComponent::__includeComponent < CBitrixComponent::includeComponent < CAllMain::IncludeComponent < include_once
	/var/www/u0095419/data/www/itprom.ru/bitrix/modules/main/classes/general/component.php:535
	/var/www/u0095419/data/www/itprom.ru/bitrix/modules/main/classes/general/component.php:578
	/var/www/u0095419/data/www/itprom.ru/bitrix/modules/main/classes/general/main.php:1050
	/var/www/u0095419/data/www/itprom.ru/catalog/index.php:347
	/var/www/u0095419/data/www/itprom.ru/bitrix/modules/main/include/urlrewrite.php:159
----------
Host: itprom.ru
Date: 2015-12-28 15:48:16
Module: 
element
    include < CBitrixComponent::__includeComponent < CBitrixComponent::includeComponent < CAllMain::IncludeComponent < include_once
	/var/www/u0095419/data/www/itprom.ru/bitrix/modules/main/classes/general/component.php:535
	/var/www/u0095419/data/www/itprom.ru/bitrix/modules/main/classes/general/component.php:578
	/var/www/u0095419/data/www/itprom.ru/bitrix/modules/main/classes/general/main.php:1050
	/var/www/u0095419/data/www/itprom.ru/catalog/index.php:347
	/var/www/u0095419/data/www/itprom.ru/bitrix/modules/main/include/urlrewrite.php:159
----------
Host: itprom.ru
Date: 2015-12-28 15:48:41
Module: 
element
    include < CBitrixComponent::__includeComponent < CBitrixComponent::includeComponent < CAllMain::IncludeComponent < include_once
	/var/www/u0095419/data/www/itprom.ru/bitrix/modules/main/classes/general/component.php:535
	/var/www/u0095419/data/www/itprom.ru/bitrix/modules/main/classes/general/component.php:578
	/var/www/u0095419/data/www/itprom.ru/bitrix/modules/main/classes/general/main.php:1050
	/var/www/u0095419/data/www/itprom.ru/catalog/index.php:347
	/var/www/u0095419/data/www/itprom.ru/bitrix/modules/main/include/urlrewrite.php:159
----------
Host: itprom.ru
Date: 2015-12-28 15:48:45
Module: 
element
    include < CBitrixComponent::__includeComponent < CBitrixComponent::includeComponent < CAllMain::IncludeComponent < include_once
	/var/www/u0095419/data/www/itprom.ru/bitrix/modules/main/classes/general/component.php:535
	/var/www/u0095419/data/www/itprom.ru/bitrix/modules/main/classes/general/component.php:578
	/var/www/u0095419/data/www/itprom.ru/bitrix/modules/main/classes/general/main.php:1050
	/var/www/u0095419/data/www/itprom.ru/catalog/index.php:347
	/var/www/u0095419/data/www/itprom.ru/bitrix/modules/main/include/urlrewrite.php:159
----------
Host: itprom.ru
Date: 2015-12-28 15:50:17
Module: 
element
    include < CBitrixComponent::__includeComponent < CBitrixComponent::includeComponent < CAllMain::IncludeComponent < include_once
	/var/www/u0095419/data/www/itprom.ru/bitrix/modules/main/classes/general/component.php:535
	/var/www/u0095419/data/www/itprom.ru/bitrix/modules/main/classes/general/component.php:578
	/var/www/u0095419/data/www/itprom.ru/bitrix/modules/main/classes/general/main.php:1050
	/var/www/u0095419/data/www/itprom.ru/catalog/index.php:347
	/var/www/u0095419/data/www/itprom.ru/bitrix/modules/main/include/urlrewrite.php:159
----------
Host: itprom.ru
Date: 2015-12-28 15:50:50
Module: 
element
    include < CBitrixComponent::__includeComponent < CBitrixComponent::includeComponent < CAllMain::IncludeComponent < include_once
	/var/www/u0095419/data/www/itprom.ru/bitrix/modules/main/classes/general/component.php:535
	/var/www/u0095419/data/www/itprom.ru/bitrix/modules/main/classes/general/component.php:578
	/var/www/u0095419/data/www/itprom.ru/bitrix/modules/main/classes/general/main.php:1050
	/var/www/u0095419/data/www/itprom.ru/catalog/index.php:347
	/var/www/u0095419/data/www/itprom.ru/bitrix/modules/main/include/urlrewrite.php:159
----------
Host: itprom.ru
Date: 2015-12-28 15:51:10
Module: 
element
    include < CBitrixComponent::__includeComponent < CBitrixComponent::includeComponent < CAllMain::IncludeComponent < include_once
	/var/www/u0095419/data/www/itprom.ru/bitrix/modules/main/classes/general/component.php:535
	/var/www/u0095419/data/www/itprom.ru/bitrix/modules/main/classes/general/component.php:578
	/var/www/u0095419/data/www/itprom.ru/bitrix/modules/main/classes/general/main.php:1050
	/var/www/u0095419/data/www/itprom.ru/catalog/index.php:347
	/var/www/u0095419/data/www/itprom.ru/bitrix/modules/main/include/urlrewrite.php:159
----------
Host: itprom.ru
Date: 2015-12-28 15:51:42
Module: 
element
    include < CBitrixComponent::__includeComponent < CBitrixComponent::includeComponent < CAllMain::IncludeComponent < include_once
	/var/www/u0095419/data/www/itprom.ru/bitrix/modules/main/classes/general/component.php:535
	/var/www/u0095419/data/www/itprom.ru/bitrix/modules/main/classes/general/component.php:578
	/var/www/u0095419/data/www/itprom.ru/bitrix/modules/main/classes/general/main.php:1050
	/var/www/u0095419/data/www/itprom.ru/catalog/index.php:347
	/var/www/u0095419/data/www/itprom.ru/bitrix/modules/main/include/urlrewrite.php:159
----------
Host: itprom.ru
Date: 2015-12-28 15:52:01
Module: 
element
    include < CBitrixComponent::__includeComponent < CBitrixComponent::includeComponent < CAllMain::IncludeComponent < include_once
	/var/www/u0095419/data/www/itprom.ru/bitrix/modules/main/classes/general/component.php:535
	/var/www/u0095419/data/www/itprom.ru/bitrix/modules/main/classes/general/component.php:578
	/var/www/u0095419/data/www/itprom.ru/bitrix/modules/main/classes/general/main.php:1050
	/var/www/u0095419/data/www/itprom.ru/catalog/index.php:347
	/var/www/u0095419/data/www/itprom.ru/bitrix/modules/main/include/urlrewrite.php:159
----------
Host: itprom.ru
Date: 2015-12-28 15:52:05
Module: 
element
    include < CBitrixComponent::__includeComponent < CBitrixComponent::includeComponent < CAllMain::IncludeComponent < include_once
	/var/www/u0095419/data/www/itprom.ru/bitrix/modules/main/classes/general/component.php:535
	/var/www/u0095419/data/www/itprom.ru/bitrix/modules/main/classes/general/component.php:578
	/var/www/u0095419/data/www/itprom.ru/bitrix/modules/main/classes/general/main.php:1050
	/var/www/u0095419/data/www/itprom.ru/catalog/index.php:347
	/var/www/u0095419/data/www/itprom.ru/bitrix/modules/main/include/urlrewrite.php:159
----------
Host: itprom.ru
Date: 2015-12-28 15:52:23
Module: 
element
    include < CBitrixComponent::__includeComponent < CBitrixComponent::includeComponent < CAllMain::IncludeComponent < include_once
	/var/www/u0095419/data/www/itprom.ru/bitrix/modules/main/classes/general/component.php:535
	/var/www/u0095419/data/www/itprom.ru/bitrix/modules/main/classes/general/component.php:578
	/var/www/u0095419/data/www/itprom.ru/bitrix/modules/main/classes/general/main.php:1050
	/var/www/u0095419/data/www/itprom.ru/catalog/index.php:347
	/var/www/u0095419/data/www/itprom.ru/bitrix/modules/main/include/urlrewrite.php:159
----------
Host: itprom.ru
Date: 2015-12-28 15:52:28
Module: 
element
    include < CBitrixComponent::__includeComponent < CBitrixComponent::includeComponent < CAllMain::IncludeComponent < include_once
	/var/www/u0095419/data/www/itprom.ru/bitrix/modules/main/classes/general/component.php:535
	/var/www/u0095419/data/www/itprom.ru/bitrix/modules/main/classes/general/component.php:578
	/var/www/u0095419/data/www/itprom.ru/bitrix/modules/main/classes/general/main.php:1050
	/var/www/u0095419/data/www/itprom.ru/catalog/index.php:347
	/var/www/u0095419/data/www/itprom.ru/bitrix/modules/main/include/urlrewrite.php:159
----------
Host: itprom.ru
Date: 2015-12-28 15:52:36
Module: 
element
    include < CBitrixComponent::__includeComponent < CBitrixComponent::includeComponent < CAllMain::IncludeComponent < include_once
	/var/www/u0095419/data/www/itprom.ru/bitrix/modules/main/classes/general/component.php:535
	/var/www/u0095419/data/www/itprom.ru/bitrix/modules/main/classes/general/component.php:578
	/var/www/u0095419/data/www/itprom.ru/bitrix/modules/main/classes/general/main.php:1050
	/var/www/u0095419/data/www/itprom.ru/catalog/index.php:347
	/var/www/u0095419/data/www/itprom.ru/bitrix/modules/main/include/urlrewrite.php:159
----------
Host: itprom.ru
Date: 2015-12-28 15:52:59
Module: 
element
    include < CBitrixComponent::__includeComponent < CBitrixComponent::includeComponent < CAllMain::IncludeComponent < include_once
	/var/www/u0095419/data/www/itprom.ru/bitrix/modules/main/classes/general/component.php:535
	/var/www/u0095419/data/www/itprom.ru/bitrix/modules/main/classes/general/component.php:578
	/var/www/u0095419/data/www/itprom.ru/bitrix/modules/main/classes/general/main.php:1050
	/var/www/u0095419/data/www/itprom.ru/catalog/index.php:347
	/var/www/u0095419/data/www/itprom.ru/bitrix/modules/main/include/urlrewrite.php:159
----------
Host: itprom.ru
Date: 2015-12-28 15:53:01
Module: 
element
    include < CBitrixComponent::__includeComponent < CBitrixComponent::includeComponent < CAllMain::IncludeComponent < include_once
	/var/www/u0095419/data/www/itprom.ru/bitrix/modules/main/classes/general/component.php:535
	/var/www/u0095419/data/www/itprom.ru/bitrix/modules/main/classes/general/component.php:578
	/var/www/u0095419/data/www/itprom.ru/bitrix/modules/main/classes/general/main.php:1050
	/var/www/u0095419/data/www/itprom.ru/catalog/index.php:347
	/var/www/u0095419/data/www/itprom.ru/bitrix/modules/main/include/urlrewrite.php:159
----------
Host: itprom.ru
Date: 2015-12-28 15:53:17
Module: 
element
    include < CBitrixComponent::__includeComponent < CBitrixComponent::includeComponent < CAllMain::IncludeComponent < include_once
	/var/www/u0095419/data/www/itprom.ru/bitrix/modules/main/classes/general/component.php:535
	/var/www/u0095419/data/www/itprom.ru/bitrix/modules/main/classes/general/component.php:578
	/var/www/u0095419/data/www/itprom.ru/bitrix/modules/main/classes/general/main.php:1050
	/var/www/u0095419/data/www/itprom.ru/catalog/index.php:347
	/var/www/u0095419/data/www/itprom.ru/bitrix/modules/main/include/urlrewrite.php:159
----------
Host: itprom.ru
Date: 2015-12-28 15:53:50
Module: 
element
    include < CBitrixComponent::__includeComponent < CBitrixComponent::includeComponent < CAllMain::IncludeComponent < include_once
	/var/www/u0095419/data/www/itprom.ru/bitrix/modules/main/classes/general/component.php:535
	/var/www/u0095419/data/www/itprom.ru/bitrix/modules/main/classes/general/component.php:578
	/var/www/u0095419/data/www/itprom.ru/bitrix/modules/main/classes/general/main.php:1050
	/var/www/u0095419/data/www/itprom.ru/catalog/index.php:347
	/var/www/u0095419/data/www/itprom.ru/bitrix/modules/main/include/urlrewrite.php:159
----------
Host: itprom.ru
Date: 2015-12-28 15:54:56
Module: 
element
    include < CBitrixComponent::__includeComponent < CBitrixComponent::includeComponent < CAllMain::IncludeComponent < include_once
	/var/www/u0095419/data/www/itprom.ru/bitrix/modules/main/classes/general/component.php:535
	/var/www/u0095419/data/www/itprom.ru/bitrix/modules/main/classes/general/component.php:578
	/var/www/u0095419/data/www/itprom.ru/bitrix/modules/main/classes/general/main.php:1050
	/var/www/u0095419/data/www/itprom.ru/catalog/index.php:347
	/var/www/u0095419/data/www/itprom.ru/bitrix/modules/main/include/urlrewrite.php:159
----------
Host: itprom.ru
Date: 2015-12-28 15:59:59
Module: 
section
    include < CBitrixComponent::__includeComponent < CBitrixComponent::includeComponent < CAllMain::IncludeComponent < include_once
	/var/www/u0095419/data/www/itprom.ru/bitrix/modules/main/classes/general/component.php:535
	/var/www/u0095419/data/www/itprom.ru/bitrix/modules/main/classes/general/component.php:578
	/var/www/u0095419/data/www/itprom.ru/bitrix/modules/main/classes/general/main.php:1050
	/var/www/u0095419/data/www/itprom.ru/catalog/index.php:347
	/var/www/u0095419/data/www/itprom.ru/bitrix/modules/main/include/urlrewrite.php:159
----------
Host: itprom.ru
Date: 2015-12-28 16:00:15
Module: 
section
    include < CBitrixComponent::__includeComponent < CBitrixComponent::includeComponent < CAllMain::IncludeComponent < include_once
	/var/www/u0095419/data/www/itprom.ru/bitrix/modules/main/classes/general/component.php:535
	/var/www/u0095419/data/www/itprom.ru/bitrix/modules/main/classes/general/component.php:578
	/var/www/u0095419/data/www/itprom.ru/bitrix/modules/main/classes/general/main.php:1050
	/var/www/u0095419/data/www/itprom.ru/catalog/index.php:347
	/var/www/u0095419/data/www/itprom.ru/bitrix/modules/main/include/urlrewrite.php:159
----------
Host: itprom.ru
Date: 2015-12-28 16:00:29
Module: 
section
    include < CBitrixComponent::__includeComponent < CBitrixComponent::includeComponent < CAllMain::IncludeComponent < include_once
	/var/www/u0095419/data/www/itprom.ru/bitrix/modules/main/classes/general/component.php:535
	/var/www/u0095419/data/www/itprom.ru/bitrix/modules/main/classes/general/component.php:578
	/var/www/u0095419/data/www/itprom.ru/bitrix/modules/main/classes/general/main.php:1050
	/var/www/u0095419/data/www/itprom.ru/catalog/index.php:347
	/var/www/u0095419/data/www/itprom.ru/bitrix/modules/main/include/urlrewrite.php:159
----------
Host: itprom.ru
Date: 2015-12-28 16:00:42
Module: 
section
    include < CBitrixComponent::__includeComponent < CBitrixComponent::includeComponent < CAllMain::IncludeComponent < include_once
	/var/www/u0095419/data/www/itprom.ru/bitrix/modules/main/classes/general/component.php:535
	/var/www/u0095419/data/www/itprom.ru/bitrix/modules/main/classes/general/component.php:578
	/var/www/u0095419/data/www/itprom.ru/bitrix/modules/main/classes/general/main.php:1050
	/var/www/u0095419/data/www/itprom.ru/catalog/index.php:347
	/var/www/u0095419/data/www/itprom.ru/bitrix/modules/main/include/urlrewrite.php:159
----------
Host: itprom.ru
Date: 2015-12-28 16:00:59
Module: 
section
    include < CBitrixComponent::__includeComponent < CBitrixComponent::includeComponent < CAllMain::IncludeComponent < include_once
	/var/www/u0095419/data/www/itprom.ru/bitrix/modules/main/classes/general/component.php:535
	/var/www/u0095419/data/www/itprom.ru/bitrix/modules/main/classes/general/component.php:578
	/var/www/u0095419/data/www/itprom.ru/bitrix/modules/main/classes/general/main.php:1050
	/var/www/u0095419/data/www/itprom.ru/catalog/index.php:347
	/var/www/u0095419/data/www/itprom.ru/bitrix/modules/main/include/urlrewrite.php:159
----------
Host: itprom.ru
Date: 2015-12-28 16:01:38
Module: 
section
    include < CBitrixComponent::__includeComponent < CBitrixComponent::includeComponent < CAllMain::IncludeComponent < include_once
	/var/www/u0095419/data/www/itprom.ru/bitrix/modules/main/classes/general/component.php:535
	/var/www/u0095419/data/www/itprom.ru/bitrix/modules/main/classes/general/component.php:578
	/var/www/u0095419/data/www/itprom.ru/bitrix/modules/main/classes/general/main.php:1050
	/var/www/u0095419/data/www/itprom.ru/catalog/index.php:347
	/var/www/u0095419/data/www/itprom.ru/bitrix/modules/main/include/urlrewrite.php:159
----------
Host: itprom.ru
Date: 2015-12-28 16:01:50
Module: 
section
    include < CBitrixComponent::__includeComponent < CBitrixComponent::includeComponent < CAllMain::IncludeComponent < include_once
	/var/www/u0095419/data/www/itprom.ru/bitrix/modules/main/classes/general/component.php:535
	/var/www/u0095419/data/www/itprom.ru/bitrix/modules/main/classes/general/component.php:578
	/var/www/u0095419/data/www/itprom.ru/bitrix/modules/main/classes/general/main.php:1050
	/var/www/u0095419/data/www/itprom.ru/catalog/index.php:347
	/var/www/u0095419/data/www/itprom.ru/bitrix/modules/main/include/urlrewrite.php:159
----------
Host: itprom.ru
Date: 2015-12-28 16:02:12
Module: 
section
    include < CBitrixComponent::__includeComponent < CBitrixComponent::includeComponent < CAllMain::IncludeComponent < include_once
	/var/www/u0095419/data/www/itprom.ru/bitrix/modules/main/classes/general/component.php:535
	/var/www/u0095419/data/www/itprom.ru/bitrix/modules/main/classes/general/component.php:578
	/var/www/u0095419/data/www/itprom.ru/bitrix/modules/main/classes/general/main.php:1050
	/var/www/u0095419/data/www/itprom.ru/catalog/index.php:347
	/var/www/u0095419/data/www/itprom.ru/bitrix/modules/main/include/urlrewrite.php:159
----------
Host: itprom.ru
Date: 2015-12-28 16:06:10
Module: 
section
    include < CBitrixComponent::__includeComponent < CBitrixComponent::includeComponent < CAllMain::IncludeComponent < include_once
	/var/www/u0095419/data/www/itprom.ru/bitrix/modules/main/classes/general/component.php:535
	/var/www/u0095419/data/www/itprom.ru/bitrix/modules/main/classes/general/component.php:578
	/var/www/u0095419/data/www/itprom.ru/bitrix/modules/main/classes/general/main.php:1050
	/var/www/u0095419/data/www/itprom.ru/catalog/index.php:347
	/var/www/u0095419/data/www/itprom.ru/bitrix/modules/main/include/urlrewrite.php:159
----------
Host: itprom.ru
Date: 2015-12-28 16:19:53
Module: 
element
    include < CBitrixComponent::__includeComponent < CBitrixComponent::includeComponent < CAllMain::IncludeComponent < include_once
	/var/www/u0095419/data/www/itprom.ru/bitrix/modules/main/classes/general/component.php:535
	/var/www/u0095419/data/www/itprom.ru/bitrix/modules/main/classes/general/component.php:578
	/var/www/u0095419/data/www/itprom.ru/bitrix/modules/main/classes/general/main.php:1050
	/var/www/u0095419/data/www/itprom.ru/catalog/index.php:347
	/var/www/u0095419/data/www/itprom.ru/bitrix/modules/main/include/urlrewrite.php:159
----------
Host: itprom.ru
Date: 2015-12-28 16:37:32
Module: 
element
    include < CBitrixComponent::__includeComponent < CBitrixComponent::includeComponent < CAllMain::IncludeComponent < include_once
	/var/www/u0095419/data/www/itprom.ru/bitrix/modules/main/classes/general/component.php:535
	/var/www/u0095419/data/www/itprom.ru/bitrix/modules/main/classes/general/component.php:578
	/var/www/u0095419/data/www/itprom.ru/bitrix/modules/main/classes/general/main.php:1050
	/var/www/u0095419/data/www/itprom.ru/catalog/index.php:347
	/var/www/u0095419/data/www/itprom.ru/bitrix/modules/main/include/urlrewrite.php:159
----------
Host: itprom.ru
Date: 2015-12-28 16:39:16
Module: 
element
    include < CBitrixComponent::__includeComponent < CBitrixComponent::includeComponent < CAllMain::IncludeComponent < include_once
	/var/www/u0095419/data/www/itprom.ru/bitrix/modules/main/classes/general/component.php:535
	/var/www/u0095419/data/www/itprom.ru/bitrix/modules/main/classes/general/component.php:578
	/var/www/u0095419/data/www/itprom.ru/bitrix/modules/main/classes/general/main.php:1050
	/var/www/u0095419/data/www/itprom.ru/catalog/index.php:347
	/var/www/u0095419/data/www/itprom.ru/bitrix/modules/main/include/urlrewrite.php:159
----------
Host: itprom.ru
Date: 2015-12-28 16:39:20
Module: 
element
    include < CBitrixComponent::__includeComponent < CBitrixComponent::includeComponent < CAllMain::IncludeComponent < include_once
	/var/www/u0095419/data/www/itprom.ru/bitrix/modules/main/classes/general/component.php:535
	/var/www/u0095419/data/www/itprom.ru/bitrix/modules/main/classes/general/component.php:578
	/var/www/u0095419/data/www/itprom.ru/bitrix/modules/main/classes/general/main.php:1050
	/var/www/u0095419/data/www/itprom.ru/catalog/index.php:347
	/var/www/u0095419/data/www/itprom.ru/bitrix/modules/main/include/urlrewrite.php:159
----------
Host: itprom.ru
Date: 2015-12-28 16:39:31
Module: 
section
    include < CBitrixComponent::__includeComponent < CBitrixComponent::includeComponent < CAllMain::IncludeComponent < include_once
	/var/www/u0095419/data/www/itprom.ru/bitrix/modules/main/classes/general/component.php:535
	/var/www/u0095419/data/www/itprom.ru/bitrix/modules/main/classes/general/component.php:578
	/var/www/u0095419/data/www/itprom.ru/bitrix/modules/main/classes/general/main.php:1050
	/var/www/u0095419/data/www/itprom.ru/catalog/index.php:347
	/var/www/u0095419/data/www/itprom.ru/bitrix/modules/main/include/urlrewrite.php:159
----------
Host: itprom.ru
Date: 2015-12-28 16:40:05
Module: 
element
    include < CBitrixComponent::__includeComponent < CBitrixComponent::includeComponent < CAllMain::IncludeComponent < include_once
	/var/www/u0095419/data/www/itprom.ru/bitrix/modules/main/classes/general/component.php:535
	/var/www/u0095419/data/www/itprom.ru/bitrix/modules/main/classes/general/component.php:578
	/var/www/u0095419/data/www/itprom.ru/bitrix/modules/main/classes/general/main.php:1050
	/var/www/u0095419/data/www/itprom.ru/catalog/index.php:347
	/var/www/u0095419/data/www/itprom.ru/bitrix/modules/main/include/urlrewrite.php:159
----------
Host: itprom.ru
Date: 2015-12-28 16:40:09
Module: 
element
    include < CBitrixComponent::__includeComponent < CBitrixComponent::includeComponent < CAllMain::IncludeComponent < include_once
	/var/www/u0095419/data/www/itprom.ru/bitrix/modules/main/classes/general/component.php:535
	/var/www/u0095419/data/www/itprom.ru/bitrix/modules/main/classes/general/component.php:578
	/var/www/u0095419/data/www/itprom.ru/bitrix/modules/main/classes/general/main.php:1050
	/var/www/u0095419/data/www/itprom.ru/catalog/index.php:347
	/var/www/u0095419/data/www/itprom.ru/bitrix/modules/main/include/urlrewrite.php:159
----------
Host: itprom.ru
Date: 2015-12-28 16:40:12
Module: 
element
    include < CBitrixComponent::__includeComponent < CBitrixComponent::includeComponent < CAllMain::IncludeComponent < include_once
	/var/www/u0095419/data/www/itprom.ru/bitrix/modules/main/classes/general/component.php:535
	/var/www/u0095419/data/www/itprom.ru/bitrix/modules/main/classes/general/component.php:578
	/var/www/u0095419/data/www/itprom.ru/bitrix/modules/main/classes/general/main.php:1050
	/var/www/u0095419/data/www/itprom.ru/catalog/index.php:347
	/var/www/u0095419/data/www/itprom.ru/bitrix/modules/main/include/urlrewrite.php:159
----------
Host: itprom.ru
Date: 2015-12-28 16:40:23
Module: 
section
    include < CBitrixComponent::__includeComponent < CBitrixComponent::includeComponent < CAllMain::IncludeComponent < include_once
	/var/www/u0095419/data/www/itprom.ru/bitrix/modules/main/classes/general/component.php:535
	/var/www/u0095419/data/www/itprom.ru/bitrix/modules/main/classes/general/component.php:578
	/var/www/u0095419/data/www/itprom.ru/bitrix/modules/main/classes/general/main.php:1050
	/var/www/u0095419/data/www/itprom.ru/catalog/index.php:347
	/var/www/u0095419/data/www/itprom.ru/bitrix/modules/main/include/urlrewrite.php:159
----------
Host: itprom.ru
Date: 2015-12-28 16:40:24
Module: 
element
    include < CBitrixComponent::__includeComponent < CBitrixComponent::includeComponent < CAllMain::IncludeComponent < include_once
	/var/www/u0095419/data/www/itprom.ru/bitrix/modules/main/classes/general/component.php:535
	/var/www/u0095419/data/www/itprom.ru/bitrix/modules/main/classes/general/component.php:578
	/var/www/u0095419/data/www/itprom.ru/bitrix/modules/main/classes/general/main.php:1050
	/var/www/u0095419/data/www/itprom.ru/catalog/index.php:347
	/var/www/u0095419/data/www/itprom.ru/bitrix/modules/main/include/urlrewrite.php:159
----------
Host: itprom.ru
Date: 2015-12-28 16:40:25
Module: 
element
    include < CBitrixComponent::__includeComponent < CBitrixComponent::includeComponent < CAllMain::IncludeComponent < include_once
	/var/www/u0095419/data/www/itprom.ru/bitrix/modules/main/classes/general/component.php:535
	/var/www/u0095419/data/www/itprom.ru/bitrix/modules/main/classes/general/component.php:578
	/var/www/u0095419/data/www/itprom.ru/bitrix/modules/main/classes/general/main.php:1050
	/var/www/u0095419/data/www/itprom.ru/catalog/index.php:347
	/var/www/u0095419/data/www/itprom.ru/bitrix/modules/main/include/urlrewrite.php:159
----------
Host: itprom.ru
Date: 2015-12-28 16:40:46
Module: 
element
    include < CBitrixComponent::__includeComponent < CBitrixComponent::includeComponent < CAllMain::IncludeComponent < include_once
	/var/www/u0095419/data/www/itprom.ru/bitrix/modules/main/classes/general/component.php:535
	/var/www/u0095419/data/www/itprom.ru/bitrix/modules/main/classes/general/component.php:578
	/var/www/u0095419/data/www/itprom.ru/bitrix/modules/main/classes/general/main.php:1050
	/var/www/u0095419/data/www/itprom.ru/catalog/index.php:347
	/var/www/u0095419/data/www/itprom.ru/bitrix/modules/main/include/urlrewrite.php:159
----------
Host: itprom.ru
Date: 2015-12-28 16:40:47
Module: 
element
    include < CBitrixComponent::__includeComponent < CBitrixComponent::includeComponent < CAllMain::IncludeComponent < include_once
	/var/www/u0095419/data/www/itprom.ru/bitrix/modules/main/classes/general/component.php:535
	/var/www/u0095419/data/www/itprom.ru/bitrix/modules/main/classes/general/component.php:578
	/var/www/u0095419/data/www/itprom.ru/bitrix/modules/main/classes/general/main.php:1050
	/var/www/u0095419/data/www/itprom.ru/catalog/index.php:347
	/var/www/u0095419/data/www/itprom.ru/bitrix/modules/main/include/urlrewrite.php:159
----------
Host: itprom.ru
Date: 2015-12-28 16:45:00
Module: 
element
    include < CBitrixComponent::__includeComponent < CBitrixComponent::includeComponent < CAllMain::IncludeComponent < include_once
	/var/www/u0095419/data/www/itprom.ru/bitrix/modules/main/classes/general/component.php:535
	/var/www/u0095419/data/www/itprom.ru/bitrix/modules/main/classes/general/component.php:578
	/var/www/u0095419/data/www/itprom.ru/bitrix/modules/main/classes/general/main.php:1050
	/var/www/u0095419/data/www/itprom.ru/catalog/index.php:347
	/var/www/u0095419/data/www/itprom.ru/bitrix/modules/main/include/urlrewrite.php:159
----------
Host: itprom.ru
Date: 2015-12-28 16:45:01
Module: 
section
    include < CBitrixComponent::__includeComponent < CBitrixComponent::includeComponent < CAllMain::IncludeComponent < include_once
	/var/www/u0095419/data/www/itprom.ru/bitrix/modules/main/classes/general/component.php:535
	/var/www/u0095419/data/www/itprom.ru/bitrix/modules/main/classes/general/component.php:578
	/var/www/u0095419/data/www/itprom.ru/bitrix/modules/main/classes/general/main.php:1050
	/var/www/u0095419/data/www/itprom.ru/catalog/index.php:347
	/var/www/u0095419/data/www/itprom.ru/bitrix/modules/main/include/urlrewrite.php:159
----------
Host: itprom.ru
Date: 2015-12-28 16:45:02
Module: 
element
    include < CBitrixComponent::__includeComponent < CBitrixComponent::includeComponent < CAllMain::IncludeComponent < include_once
	/var/www/u0095419/data/www/itprom.ru/bitrix/modules/main/classes/general/component.php:535
	/var/www/u0095419/data/www/itprom.ru/bitrix/modules/main/classes/general/component.php:578
	/var/www/u0095419/data/www/itprom.ru/bitrix/modules/main/classes/general/main.php:1050
	/var/www/u0095419/data/www/itprom.ru/catalog/index.php:347
	/var/www/u0095419/data/www/itprom.ru/bitrix/modules/main/include/urlrewrite.php:159
----------
Host: itprom.ru
Date: 2015-12-28 16:45:02
Module: 
element
    include < CBitrixComponent::__includeComponent < CBitrixComponent::includeComponent < CAllMain::IncludeComponent < include_once
	/var/www/u0095419/data/www/itprom.ru/bitrix/modules/main/classes/general/component.php:535
	/var/www/u0095419/data/www/itprom.ru/bitrix/modules/main/classes/general/component.php:578
	/var/www/u0095419/data/www/itprom.ru/bitrix/modules/main/classes/general/main.php:1050
	/var/www/u0095419/data/www/itprom.ru/catalog/index.php:347
	/var/www/u0095419/data/www/itprom.ru/bitrix/modules/main/include/urlrewrite.php:159
----------
Host: itprom.ru
Date: 2015-12-28 16:45:03
Module: 
element
    include < CBitrixComponent::__includeComponent < CBitrixComponent::includeComponent < CAllMain::IncludeComponent < include_once
	/var/www/u0095419/data/www/itprom.ru/bitrix/modules/main/classes/general/component.php:535
	/var/www/u0095419/data/www/itprom.ru/bitrix/modules/main/classes/general/component.php:578
	/var/www/u0095419/data/www/itprom.ru/bitrix/modules/main/classes/general/main.php:1050
	/var/www/u0095419/data/www/itprom.ru/catalog/index.php:347
	/var/www/u0095419/data/www/itprom.ru/bitrix/modules/main/include/urlrewrite.php:159
----------
Host: itprom.ru
Date: 2015-12-28 16:49:49
Module: 
element
    include < CBitrixComponent::__includeComponent < CBitrixComponent::includeComponent < CAllMain::IncludeComponent < include_once
	/var/www/u0095419/data/www/itprom.ru/bitrix/modules/main/classes/general/component.php:535
	/var/www/u0095419/data/www/itprom.ru/bitrix/modules/main/classes/general/component.php:578
	/var/www/u0095419/data/www/itprom.ru/bitrix/modules/main/classes/general/main.php:1050
	/var/www/u0095419/data/www/itprom.ru/catalog/index.php:347
	/var/www/u0095419/data/www/itprom.ru/bitrix/modules/main/include/urlrewrite.php:159
----------
Host: itprom.ru
Date: 2015-12-28 16:52:21
Module: 
element
    include < CBitrixComponent::__includeComponent < CBitrixComponent::includeComponent < CAllMain::IncludeComponent < include_once
	/var/www/u0095419/data/www/itprom.ru/bitrix/modules/main/classes/general/component.php:535
	/var/www/u0095419/data/www/itprom.ru/bitrix/modules/main/classes/general/component.php:578
	/var/www/u0095419/data/www/itprom.ru/bitrix/modules/main/classes/general/main.php:1050
	/var/www/u0095419/data/www/itprom.ru/catalog/index.php:347
	/var/www/u0095419/data/www/itprom.ru/bitrix/modules/main/include/urlrewrite.php:159
----------
Host: itprom.ru
Date: 2015-12-28 16:52:22
Module: 
section
    include < CBitrixComponent::__includeComponent < CBitrixComponent::includeComponent < CAllMain::IncludeComponent < include_once
	/var/www/u0095419/data/www/itprom.ru/bitrix/modules/main/classes/general/component.php:535
	/var/www/u0095419/data/www/itprom.ru/bitrix/modules/main/classes/general/component.php:578
	/var/www/u0095419/data/www/itprom.ru/bitrix/modules/main/classes/general/main.php:1050
	/var/www/u0095419/data/www/itprom.ru/catalog/index.php:347
	/var/www/u0095419/data/www/itprom.ru/bitrix/modules/main/include/urlrewrite.php:159
----------
Host: itprom.ru
Date: 2015-12-28 17:35:35
Module: 
element
    include < CBitrixComponent::__includeComponent < CBitrixComponent::includeComponent < CAllMain::IncludeComponent < include_once
	/var/www/u0095419/data/www/itprom.ru/bitrix/modules/main/classes/general/component.php:535
	/var/www/u0095419/data/www/itprom.ru/bitrix/modules/main/classes/general/component.php:578
	/var/www/u0095419/data/www/itprom.ru/bitrix/modules/main/classes/general/main.php:1050
	/var/www/u0095419/data/www/itprom.ru/catalog/index.php:347
	/var/www/u0095419/data/www/itprom.ru/bitrix/modules/main/include/urlrewrite.php:159
----------
Host: itprom.ru
Date: 2015-12-28 17:42:29
Module: 
element
    include < CBitrixComponent::__includeComponent < CBitrixComponent::includeComponent < CAllMain::IncludeComponent < include_once
	/var/www/u0095419/data/www/itprom.ru/bitrix/modules/main/classes/general/component.php:535
	/var/www/u0095419/data/www/itprom.ru/bitrix/modules/main/classes/general/component.php:578
	/var/www/u0095419/data/www/itprom.ru/bitrix/modules/main/classes/general/main.php:1050
	/var/www/u0095419/data/www/itprom.ru/catalog/index.php:347
	/var/www/u0095419/data/www/itprom.ru/bitrix/modules/main/include/urlrewrite.php:159
----------
Host: itprom.ru
Date: 2015-12-28 17:42:32
Module: 
element
    include < CBitrixComponent::__includeComponent < CBitrixComponent::includeComponent < CAllMain::IncludeComponent < include_once
	/var/www/u0095419/data/www/itprom.ru/bitrix/modules/main/classes/general/component.php:535
	/var/www/u0095419/data/www/itprom.ru/bitrix/modules/main/classes/general/component.php:578
	/var/www/u0095419/data/www/itprom.ru/bitrix/modules/main/classes/general/main.php:1050
	/var/www/u0095419/data/www/itprom.ru/catalog/index.php:347
	/var/www/u0095419/data/www/itprom.ru/bitrix/modules/main/include/urlrewrite.php:159
----------
Host: itprom.ru
Date: 2015-12-28 19:02:39
Module: 
section
    include < CBitrixComponent::__includeComponent < CBitrixComponent::includeComponent < CAllMain::IncludeComponent < include_once
	/var/www/u0095419/data/www/itprom.ru/bitrix/modules/main/classes/general/component.php:535
	/var/www/u0095419/data/www/itprom.ru/bitrix/modules/main/classes/general/component.php:578
	/var/www/u0095419/data/www/itprom.ru/bitrix/modules/main/classes/general/main.php:1050
	/var/www/u0095419/data/www/itprom.ru/catalog/index.php:347
	/var/www/u0095419/data/www/itprom.ru/bitrix/modules/main/include/urlrewrite.php:159
----------
Host: itprom.ru
Date: 2015-12-28 19:13:14
Module: 
element
    include < CBitrixComponent::__includeComponent < CBitrixComponent::includeComponent < CAllMain::IncludeComponent < include_once
	/var/www/u0095419/data/www/itprom.ru/bitrix/modules/main/classes/general/component.php:535
	/var/www/u0095419/data/www/itprom.ru/bitrix/modules/main/classes/general/component.php:578
	/var/www/u0095419/data/www/itprom.ru/bitrix/modules/main/classes/general/main.php:1050
	/var/www/u0095419/data/www/itprom.ru/catalog/index.php:347
	/var/www/u0095419/data/www/itprom.ru/bitrix/modules/main/include/urlrewrite.php:159
----------
Host: itprom.ru
Date: 2015-12-28 19:39:51
Module: 
element
    include < CBitrixComponent::__includeComponent < CBitrixComponent::includeComponent < CAllMain::IncludeComponent < include_once
	/var/www/u0095419/data/www/itprom.ru/bitrix/modules/main/classes/general/component.php:535
	/var/www/u0095419/data/www/itprom.ru/bitrix/modules/main/classes/general/component.php:578
	/var/www/u0095419/data/www/itprom.ru/bitrix/modules/main/classes/general/main.php:1050
	/var/www/u0095419/data/www/itprom.ru/catalog/index.php:347
	/var/www/u0095419/data/www/itprom.ru/bitrix/modules/main/include/urlrewrite.php:159
----------
Host: itprom.ru
Date: 2015-12-28 19:49:42
Module: 
element
    include < CBitrixComponent::__includeComponent < CBitrixComponent::includeComponent < CAllMain::IncludeComponent < include_once
	/var/www/u0095419/data/www/itprom.ru/bitrix/modules/main/classes/general/component.php:535
	/var/www/u0095419/data/www/itprom.ru/bitrix/modules/main/classes/general/component.php:578
	/var/www/u0095419/data/www/itprom.ru/bitrix/modules/main/classes/general/main.php:1050
	/var/www/u0095419/data/www/itprom.ru/catalog/index.php:347
	/var/www/u0095419/data/www/itprom.ru/bitrix/modules/main/include/urlrewrite.php:159
----------
Host: itprom.ru
Date: 2015-12-28 20:08:49
Module: 
element
    include < CBitrixComponent::__includeComponent < CBitrixComponent::includeComponent < CAllMain::IncludeComponent < include_once
	/var/www/u0095419/data/www/itprom.ru/bitrix/modules/main/classes/general/component.php:535
	/var/www/u0095419/data/www/itprom.ru/bitrix/modules/main/classes/general/component.php:578
	/var/www/u0095419/data/www/itprom.ru/bitrix/modules/main/classes/general/main.php:1050
	/var/www/u0095419/data/www/itprom.ru/catalog/index.php:347
	/var/www/u0095419/data/www/itprom.ru/bitrix/modules/main/include/urlrewrite.php:159
----------
Host: itprom.ru
Date: 2015-12-28 20:10:45
Module: 
element
    include < CBitrixComponent::__includeComponent < CBitrixComponent::includeComponent < CAllMain::IncludeComponent < include_once
	/var/www/u0095419/data/www/itprom.ru/bitrix/modules/main/classes/general/component.php:535
	/var/www/u0095419/data/www/itprom.ru/bitrix/modules/main/classes/general/component.php:578
	/var/www/u0095419/data/www/itprom.ru/bitrix/modules/main/classes/general/main.php:1050
	/var/www/u0095419/data/www/itprom.ru/catalog/index.php:347
	/var/www/u0095419/data/www/itprom.ru/bitrix/modules/main/include/urlrewrite.php:159
----------
Host: itprom.ru
Date: 2015-12-28 20:23:35
Module: 
element
    include < CBitrixComponent::__includeComponent < CBitrixComponent::includeComponent < CAllMain::IncludeComponent < include_once
	/var/www/u0095419/data/www/itprom.ru/bitrix/modules/main/classes/general/component.php:535
	/var/www/u0095419/data/www/itprom.ru/bitrix/modules/main/classes/general/component.php:578
	/var/www/u0095419/data/www/itprom.ru/bitrix/modules/main/classes/general/main.php:1050
	/var/www/u0095419/data/www/itprom.ru/catalog/index.php:347
	/var/www/u0095419/data/www/itprom.ru/bitrix/modules/main/include/urlrewrite.php:159
----------
Host: itprom.ru
Date: 2015-12-28 20:47:20
Module: 
element
    include < CBitrixComponent::__includeComponent < CBitrixComponent::includeComponent < CAllMain::IncludeComponent < include_once
	/var/www/u0095419/data/www/itprom.ru/bitrix/modules/main/classes/general/component.php:535
	/var/www/u0095419/data/www/itprom.ru/bitrix/modules/main/classes/general/component.php:578
	/var/www/u0095419/data/www/itprom.ru/bitrix/modules/main/classes/general/main.php:1050
	/var/www/u0095419/data/www/itprom.ru/catalog/index.php:347
	/var/www/u0095419/data/www/itprom.ru/bitrix/modules/main/include/urlrewrite.php:159
----------
Host: itprom.ru
Date: 2015-12-28 21:06:36
Module: 
element
    include < CBitrixComponent::__includeComponent < CBitrixComponent::includeComponent < CAllMain::IncludeComponent < include_once
	/var/www/u0095419/data/www/itprom.ru/bitrix/modules/main/classes/general/component.php:535
	/var/www/u0095419/data/www/itprom.ru/bitrix/modules/main/classes/general/component.php:578
	/var/www/u0095419/data/www/itprom.ru/bitrix/modules/main/classes/general/main.php:1050
	/var/www/u0095419/data/www/itprom.ru/catalog/index.php:347
	/var/www/u0095419/data/www/itprom.ru/bitrix/modules/main/include/urlrewrite.php:159
----------
Host: itprom.ru
Date: 2015-12-28 21:07:07
Module: 
element
    include < CBitrixComponent::__includeComponent < CBitrixComponent::includeComponent < CAllMain::IncludeComponent < include_once
	/var/www/u0095419/data/www/itprom.ru/bitrix/modules/main/classes/general/component.php:535
	/var/www/u0095419/data/www/itprom.ru/bitrix/modules/main/classes/general/component.php:578
	/var/www/u0095419/data/www/itprom.ru/bitrix/modules/main/classes/general/main.php:1050
	/var/www/u0095419/data/www/itprom.ru/catalog/index.php:347
	/var/www/u0095419/data/www/itprom.ru/bitrix/modules/main/include/urlrewrite.php:159
----------
Host: itprom.ru
Date: 2015-12-28 21:07:19
Module: 
element
    include < CBitrixComponent::__includeComponent < CBitrixComponent::includeComponent < CAllMain::IncludeComponent < include_once
	/var/www/u0095419/data/www/itprom.ru/bitrix/modules/main/classes/general/component.php:535
	/var/www/u0095419/data/www/itprom.ru/bitrix/modules/main/classes/general/component.php:578
	/var/www/u0095419/data/www/itprom.ru/bitrix/modules/main/classes/general/main.php:1050
	/var/www/u0095419/data/www/itprom.ru/catalog/index.php:347
	/var/www/u0095419/data/www/itprom.ru/bitrix/modules/main/include/urlrewrite.php:159
----------
Host: itprom.ru
Date: 2015-12-28 21:07:23
Module: 
element
    include < CBitrixComponent::__includeComponent < CBitrixComponent::includeComponent < CAllMain::IncludeComponent < include_once
	/var/www/u0095419/data/www/itprom.ru/bitrix/modules/main/classes/general/component.php:535
	/var/www/u0095419/data/www/itprom.ru/bitrix/modules/main/classes/general/component.php:578
	/var/www/u0095419/data/www/itprom.ru/bitrix/modules/main/classes/general/main.php:1050
	/var/www/u0095419/data/www/itprom.ru/catalog/index.php:347
	/var/www/u0095419/data/www/itprom.ru/bitrix/modules/main/include/urlrewrite.php:159
----------
Host: itprom.ru
Date: 2015-12-28 21:07:27
Module: 
element
    include < CBitrixComponent::__includeComponent < CBitrixComponent::includeComponent < CAllMain::IncludeComponent < include_once
	/var/www/u0095419/data/www/itprom.ru/bitrix/modules/main/classes/general/component.php:535
	/var/www/u0095419/data/www/itprom.ru/bitrix/modules/main/classes/general/component.php:578
	/var/www/u0095419/data/www/itprom.ru/bitrix/modules/main/classes/general/main.php:1050
	/var/www/u0095419/data/www/itprom.ru/catalog/index.php:347
	/var/www/u0095419/data/www/itprom.ru/bitrix/modules/main/include/urlrewrite.php:159
----------
Host: itprom.ru
Date: 2015-12-28 21:08:07
Module: 
element
    include < CBitrixComponent::__includeComponent < CBitrixComponent::includeComponent < CAllMain::IncludeComponent < include_once
	/var/www/u0095419/data/www/itprom.ru/bitrix/modules/main/classes/general/component.php:535
	/var/www/u0095419/data/www/itprom.ru/bitrix/modules/main/classes/general/component.php:578
	/var/www/u0095419/data/www/itprom.ru/bitrix/modules/main/classes/general/main.php:1050
	/var/www/u0095419/data/www/itprom.ru/catalog/index.php:347
	/var/www/u0095419/data/www/itprom.ru/bitrix/modules/main/include/urlrewrite.php:159
----------
Host: itprom.ru
Date: 2015-12-28 21:08:15
Module: 
element
    include < CBitrixComponent::__includeComponent < CBitrixComponent::includeComponent < CAllMain::IncludeComponent < include_once
	/var/www/u0095419/data/www/itprom.ru/bitrix/modules/main/classes/general/component.php:535
	/var/www/u0095419/data/www/itprom.ru/bitrix/modules/main/classes/general/component.php:578
	/var/www/u0095419/data/www/itprom.ru/bitrix/modules/main/classes/general/main.php:1050
	/var/www/u0095419/data/www/itprom.ru/catalog/index.php:347
	/var/www/u0095419/data/www/itprom.ru/bitrix/modules/main/include/urlrewrite.php:159
----------
Host: itprom.ru
Date: 2015-12-28 21:08:19
Module: 
element
    include < CBitrixComponent::__includeComponent < CBitrixComponent::includeComponent < CAllMain::IncludeComponent < include_once
	/var/www/u0095419/data/www/itprom.ru/bitrix/modules/main/classes/general/component.php:535
	/var/www/u0095419/data/www/itprom.ru/bitrix/modules/main/classes/general/component.php:578
	/var/www/u0095419/data/www/itprom.ru/bitrix/modules/main/classes/general/main.php:1050
	/var/www/u0095419/data/www/itprom.ru/catalog/index.php:347
	/var/www/u0095419/data/www/itprom.ru/bitrix/modules/main/include/urlrewrite.php:159
----------
Host: itprom.ru
Date: 2015-12-28 21:08:23
Module: 
element
    include < CBitrixComponent::__includeComponent < CBitrixComponent::includeComponent < CAllMain::IncludeComponent < include_once
	/var/www/u0095419/data/www/itprom.ru/bitrix/modules/main/classes/general/component.php:535
	/var/www/u0095419/data/www/itprom.ru/bitrix/modules/main/classes/general/component.php:578
	/var/www/u0095419/data/www/itprom.ru/bitrix/modules/main/classes/general/main.php:1050
	/var/www/u0095419/data/www/itprom.ru/catalog/index.php:347
	/var/www/u0095419/data/www/itprom.ru/bitrix/modules/main/include/urlrewrite.php:159
----------
Host: itprom.ru
Date: 2015-12-28 21:08:28
Module: 
element
    include < CBitrixComponent::__includeComponent < CBitrixComponent::includeComponent < CAllMain::IncludeComponent < include_once
	/var/www/u0095419/data/www/itprom.ru/bitrix/modules/main/classes/general/component.php:535
	/var/www/u0095419/data/www/itprom.ru/bitrix/modules/main/classes/general/component.php:578
	/var/www/u0095419/data/www/itprom.ru/bitrix/modules/main/classes/general/main.php:1050
	/var/www/u0095419/data/www/itprom.ru/catalog/index.php:347
	/var/www/u0095419/data/www/itprom.ru/bitrix/modules/main/include/urlrewrite.php:159
----------
Host: itprom.ru
Date: 2015-12-28 21:50:36
Module: 
element
    include < CBitrixComponent::__includeComponent < CBitrixComponent::includeComponent < CAllMain::IncludeComponent < include_once
	/var/www/u0095419/data/www/itprom.ru/bitrix/modules/main/classes/general/component.php:535
	/var/www/u0095419/data/www/itprom.ru/bitrix/modules/main/classes/general/component.php:578
	/var/www/u0095419/data/www/itprom.ru/bitrix/modules/main/classes/general/main.php:1050
	/var/www/u0095419/data/www/itprom.ru/catalog/index.php:347
	/var/www/u0095419/data/www/itprom.ru/bitrix/modules/main/include/urlrewrite.php:159
----------
Host: itprom.ru
Date: 2015-12-28 22:13:32
Module: 
section
    include < CBitrixComponent::__includeComponent < CBitrixComponent::includeComponent < CAllMain::IncludeComponent < include_once
	/var/www/u0095419/data/www/itprom.ru/bitrix/modules/main/classes/general/component.php:535
	/var/www/u0095419/data/www/itprom.ru/bitrix/modules/main/classes/general/component.php:578
	/var/www/u0095419/data/www/itprom.ru/bitrix/modules/main/classes/general/main.php:1050
	/var/www/u0095419/data/www/itprom.ru/catalog/index.php:347
	/var/www/u0095419/data/www/itprom.ru/bitrix/modules/main/include/urlrewrite.php:159
----------
Host: itprom.ru
Date: 2015-12-28 22:13:34
Module: 
element
    include < CBitrixComponent::__includeComponent < CBitrixComponent::includeComponent < CAllMain::IncludeComponent < include_once
	/var/www/u0095419/data/www/itprom.ru/bitrix/modules/main/classes/general/component.php:535
	/var/www/u0095419/data/www/itprom.ru/bitrix/modules/main/classes/general/component.php:578
	/var/www/u0095419/data/www/itprom.ru/bitrix/modules/main/classes/general/main.php:1050
	/var/www/u0095419/data/www/itprom.ru/catalog/index.php:347
	/var/www/u0095419/data/www/itprom.ru/bitrix/modules/main/include/urlrewrite.php:159
----------
Host: itprom.ru
Date: 2015-12-28 22:13:46
Module: 
section
    include < CBitrixComponent::__includeComponent < CBitrixComponent::includeComponent < CAllMain::IncludeComponent < include_once
	/var/www/u0095419/data/www/itprom.ru/bitrix/modules/main/classes/general/component.php:535
	/var/www/u0095419/data/www/itprom.ru/bitrix/modules/main/classes/general/component.php:578
	/var/www/u0095419/data/www/itprom.ru/bitrix/modules/main/classes/general/main.php:1050
	/var/www/u0095419/data/www/itprom.ru/catalog/index.php:347
	/var/www/u0095419/data/www/itprom.ru/bitrix/modules/main/include/urlrewrite.php:159
----------
Host: itprom.ru
Date: 2015-12-28 22:13:52
Module: 
section
    include < CBitrixComponent::__includeComponent < CBitrixComponent::includeComponent < CAllMain::IncludeComponent < include_once
	/var/www/u0095419/data/www/itprom.ru/bitrix/modules/main/classes/general/component.php:535
	/var/www/u0095419/data/www/itprom.ru/bitrix/modules/main/classes/general/component.php:578
	/var/www/u0095419/data/www/itprom.ru/bitrix/modules/main/classes/general/main.php:1050
	/var/www/u0095419/data/www/itprom.ru/catalog/index.php:347
	/var/www/u0095419/data/www/itprom.ru/bitrix/modules/main/include/urlrewrite.php:159
----------
Host: itprom.ru
Date: 2015-12-28 23:44:28
Module: 
section
    include < CBitrixComponent::__includeComponent < CBitrixComponent::includeComponent < CAllMain::IncludeComponent < include_once
	/var/www/u0095419/data/www/itprom.ru/bitrix/modules/main/classes/general/component.php:535
	/var/www/u0095419/data/www/itprom.ru/bitrix/modules/main/classes/general/component.php:578
	/var/www/u0095419/data/www/itprom.ru/bitrix/modules/main/classes/general/main.php:1050
	/var/www/u0095419/data/www/itprom.ru/catalog/index.php:347
	/var/www/u0095419/data/www/itprom.ru/bitrix/modules/main/include/urlrewrite.php:159
----------
