Host: itprom.ru
Date: 2016-01-03 00:33:29
Module: 
element
    include < CBitrixComponent::__includeComponent < CBitrixComponent::includeComponent < CAllMain::IncludeComponent < include_once
	/var/www/u0095419/data/www/itprom.ru/bitrix/modules/main/classes/general/component.php:535
	/var/www/u0095419/data/www/itprom.ru/bitrix/modules/main/classes/general/component.php:578
	/var/www/u0095419/data/www/itprom.ru/bitrix/modules/main/classes/general/main.php:1050
	/var/www/u0095419/data/www/itprom.ru/catalog/index.php:347
	/var/www/u0095419/data/www/itprom.ru/bitrix/modules/main/include/urlrewrite.php:159
----------
Host: itprom.ru
Date: 2016-01-03 00:50:59
Module: 
element
    include < CBitrixComponent::__includeComponent < CBitrixComponent::includeComponent < CAllMain::IncludeComponent < include_once
	/var/www/u0095419/data/www/itprom.ru/bitrix/modules/main/classes/general/component.php:535
	/var/www/u0095419/data/www/itprom.ru/bitrix/modules/main/classes/general/component.php:578
	/var/www/u0095419/data/www/itprom.ru/bitrix/modules/main/classes/general/main.php:1050
	/var/www/u0095419/data/www/itprom.ru/catalog/index.php:347
	/var/www/u0095419/data/www/itprom.ru/bitrix/modules/main/include/urlrewrite.php:159
----------
Host: itprom.ru
Date: 2016-01-03 01:06:31
Module: 
section
    include < CBitrixComponent::__includeComponent < CBitrixComponent::includeComponent < CAllMain::IncludeComponent < include_once
	/var/www/u0095419/data/www/itprom.ru/bitrix/modules/main/classes/general/component.php:535
	/var/www/u0095419/data/www/itprom.ru/bitrix/modules/main/classes/general/component.php:578
	/var/www/u0095419/data/www/itprom.ru/bitrix/modules/main/classes/general/main.php:1050
	/var/www/u0095419/data/www/itprom.ru/catalog/index.php:347
	/var/www/u0095419/data/www/itprom.ru/bitrix/modules/main/include/urlrewrite.php:159
----------
Host: itprom.ru
Date: 2016-01-03 02:15:04
Module: 
section
    include < CBitrixComponent::__includeComponent < CBitrixComponent::includeComponent < CAllMain::IncludeComponent < include_once
	/var/www/u0095419/data/www/itprom.ru/bitrix/modules/main/classes/general/component.php:535
	/var/www/u0095419/data/www/itprom.ru/bitrix/modules/main/classes/general/component.php:578
	/var/www/u0095419/data/www/itprom.ru/bitrix/modules/main/classes/general/main.php:1050
	/var/www/u0095419/data/www/itprom.ru/catalog/index.php:347
	/var/www/u0095419/data/www/itprom.ru/bitrix/modules/main/include/urlrewrite.php:159
----------
Host: itprom.ru
Date: 2016-01-03 03:30:56
Module: 
element
    include < CBitrixComponent::__includeComponent < CBitrixComponent::includeComponent < CAllMain::IncludeComponent < include_once
	/var/www/u0095419/data/www/itprom.ru/bitrix/modules/main/classes/general/component.php:535
	/var/www/u0095419/data/www/itprom.ru/bitrix/modules/main/classes/general/component.php:578
	/var/www/u0095419/data/www/itprom.ru/bitrix/modules/main/classes/general/main.php:1050
	/var/www/u0095419/data/www/itprom.ru/catalog/index.php:347
	/var/www/u0095419/data/www/itprom.ru/bitrix/modules/main/include/urlrewrite.php:159
----------
Host: itprom.ru
Date: 2016-01-03 04:54:53
Module: 
smart_filter
    include < CBitrixComponent::__includeComponent < CBitrixComponent::includeComponent < CAllMain::IncludeComponent < include_once
	/var/www/u0095419/data/www/itprom.ru/bitrix/modules/main/classes/general/component.php:535
	/var/www/u0095419/data/www/itprom.ru/bitrix/modules/main/classes/general/component.php:578
	/var/www/u0095419/data/www/itprom.ru/bitrix/modules/main/classes/general/main.php:1050
	/var/www/u0095419/data/www/itprom.ru/catalog/index.php:347
	/var/www/u0095419/data/www/itprom.ru/bitrix/modules/main/include/urlrewrite.php:159
----------
Host: itprom.ru
Date: 2016-01-03 07:22:51
Module: 
element
    include < CBitrixComponent::__includeComponent < CBitrixComponent::includeComponent < CAllMain::IncludeComponent < include_once
	/var/www/u0095419/data/www/itprom.ru/bitrix/modules/main/classes/general/component.php:535
	/var/www/u0095419/data/www/itprom.ru/bitrix/modules/main/classes/general/component.php:578
	/var/www/u0095419/data/www/itprom.ru/bitrix/modules/main/classes/general/main.php:1050
	/var/www/u0095419/data/www/itprom.ru/catalog/index.php:347
	/var/www/u0095419/data/www/itprom.ru/bitrix/modules/main/include/urlrewrite.php:159
----------
Host: itprom.ru
Date: 2016-01-03 09:41:59
Module: 
section
    include < CBitrixComponent::__includeComponent < CBitrixComponent::includeComponent < CAllMain::IncludeComponent < include_once
	/var/www/u0095419/data/www/itprom.ru/bitrix/modules/main/classes/general/component.php:535
	/var/www/u0095419/data/www/itprom.ru/bitrix/modules/main/classes/general/component.php:578
	/var/www/u0095419/data/www/itprom.ru/bitrix/modules/main/classes/general/main.php:1050
	/var/www/u0095419/data/www/itprom.ru/catalog/index.php:347
	/var/www/u0095419/data/www/itprom.ru/bitrix/modules/main/include/urlrewrite.php:159
----------
Host: itprom.ru
Date: 2016-01-03 09:48:43
Module: 
element
    include < CBitrixComponent::__includeComponent < CBitrixComponent::includeComponent < CAllMain::IncludeComponent < include_once
	/var/www/u0095419/data/www/itprom.ru/bitrix/modules/main/classes/general/component.php:535
	/var/www/u0095419/data/www/itprom.ru/bitrix/modules/main/classes/general/component.php:578
	/var/www/u0095419/data/www/itprom.ru/bitrix/modules/main/classes/general/main.php:1050
	/var/www/u0095419/data/www/itprom.ru/catalog/index.php:347
	/var/www/u0095419/data/www/itprom.ru/bitrix/modules/main/include/urlrewrite.php:159
----------
Host: itprom.ru
Date: 2016-01-03 09:48:45
Module: 
element
    include < CBitrixComponent::__includeComponent < CBitrixComponent::includeComponent < CAllMain::IncludeComponent < include_once
	/var/www/u0095419/data/www/itprom.ru/bitrix/modules/main/classes/general/component.php:535
	/var/www/u0095419/data/www/itprom.ru/bitrix/modules/main/classes/general/component.php:578
	/var/www/u0095419/data/www/itprom.ru/bitrix/modules/main/classes/general/main.php:1050
	/var/www/u0095419/data/www/itprom.ru/catalog/index.php:347
	/var/www/u0095419/data/www/itprom.ru/bitrix/modules/main/include/urlrewrite.php:159
----------
Host: itprom.ru
Date: 2016-01-03 10:19:17
Module: 
element
    include < CBitrixComponent::__includeComponent < CBitrixComponent::includeComponent < CAllMain::IncludeComponent < include_once
	/var/www/u0095419/data/www/itprom.ru/bitrix/modules/main/classes/general/component.php:535
	/var/www/u0095419/data/www/itprom.ru/bitrix/modules/main/classes/general/component.php:578
	/var/www/u0095419/data/www/itprom.ru/bitrix/modules/main/classes/general/main.php:1050
	/var/www/u0095419/data/www/itprom.ru/catalog/index.php:347
	/var/www/u0095419/data/www/itprom.ru/bitrix/modules/main/include/urlrewrite.php:159
----------
Host: itprom.ru
Date: 2016-01-03 10:24:38
Module: 
element
    include < CBitrixComponent::__includeComponent < CBitrixComponent::includeComponent < CAllMain::IncludeComponent < include_once
	/var/www/u0095419/data/www/itprom.ru/bitrix/modules/main/classes/general/component.php:535
	/var/www/u0095419/data/www/itprom.ru/bitrix/modules/main/classes/general/component.php:578
	/var/www/u0095419/data/www/itprom.ru/bitrix/modules/main/classes/general/main.php:1050
	/var/www/u0095419/data/www/itprom.ru/catalog/index.php:347
	/var/www/u0095419/data/www/itprom.ru/bitrix/modules/main/include/urlrewrite.php:159
----------
Host: itprom.ru
Date: 2016-01-03 10:29:33
Module: 
section
    include < CBitrixComponent::__includeComponent < CBitrixComponent::includeComponent < CAllMain::IncludeComponent < include_once
	/var/www/u0095419/data/www/itprom.ru/bitrix/modules/main/classes/general/component.php:535
	/var/www/u0095419/data/www/itprom.ru/bitrix/modules/main/classes/general/component.php:578
	/var/www/u0095419/data/www/itprom.ru/bitrix/modules/main/classes/general/main.php:1050
	/var/www/u0095419/data/www/itprom.ru/catalog/index.php:347
	/var/www/u0095419/data/www/itprom.ru/bitrix/modules/main/include/urlrewrite.php:159
----------
Host: itprom.ru
Date: 2016-01-03 10:30:22
Module: 
section
    include < CBitrixComponent::__includeComponent < CBitrixComponent::includeComponent < CAllMain::IncludeComponent < include_once
	/var/www/u0095419/data/www/itprom.ru/bitrix/modules/main/classes/general/component.php:535
	/var/www/u0095419/data/www/itprom.ru/bitrix/modules/main/classes/general/component.php:578
	/var/www/u0095419/data/www/itprom.ru/bitrix/modules/main/classes/general/main.php:1050
	/var/www/u0095419/data/www/itprom.ru/catalog/index.php:347
	/var/www/u0095419/data/www/itprom.ru/bitrix/modules/main/include/urlrewrite.php:159
----------
Host: itprom.ru
Date: 2016-01-03 10:40:33
Module: 
element
    include < CBitrixComponent::__includeComponent < CBitrixComponent::includeComponent < CAllMain::IncludeComponent < include_once
	/var/www/u0095419/data/www/itprom.ru/bitrix/modules/main/classes/general/component.php:535
	/var/www/u0095419/data/www/itprom.ru/bitrix/modules/main/classes/general/component.php:578
	/var/www/u0095419/data/www/itprom.ru/bitrix/modules/main/classes/general/main.php:1050
	/var/www/u0095419/data/www/itprom.ru/catalog/index.php:347
	/var/www/u0095419/data/www/itprom.ru/bitrix/modules/main/include/urlrewrite.php:159
----------
Host: itprom.ru
Date: 2016-01-03 10:40:34
Module: 
element
    include < CBitrixComponent::__includeComponent < CBitrixComponent::includeComponent < CAllMain::IncludeComponent < include_once
	/var/www/u0095419/data/www/itprom.ru/bitrix/modules/main/classes/general/component.php:535
	/var/www/u0095419/data/www/itprom.ru/bitrix/modules/main/classes/general/component.php:578
	/var/www/u0095419/data/www/itprom.ru/bitrix/modules/main/classes/general/main.php:1050
	/var/www/u0095419/data/www/itprom.ru/catalog/index.php:347
	/var/www/u0095419/data/www/itprom.ru/bitrix/modules/main/include/urlrewrite.php:159
----------
Host: itprom.ru
Date: 2016-01-03 10:40:36
Module: 
element
    include < CBitrixComponent::__includeComponent < CBitrixComponent::includeComponent < CAllMain::IncludeComponent < include_once
	/var/www/u0095419/data/www/itprom.ru/bitrix/modules/main/classes/general/component.php:535
	/var/www/u0095419/data/www/itprom.ru/bitrix/modules/main/classes/general/component.php:578
	/var/www/u0095419/data/www/itprom.ru/bitrix/modules/main/classes/general/main.php:1050
	/var/www/u0095419/data/www/itprom.ru/catalog/index.php:347
	/var/www/u0095419/data/www/itprom.ru/bitrix/modules/main/include/urlrewrite.php:159
----------
Host: itprom.ru
Date: 2016-01-03 10:40:41
Module: 
element
    include < CBitrixComponent::__includeComponent < CBitrixComponent::includeComponent < CAllMain::IncludeComponent < include_once
	/var/www/u0095419/data/www/itprom.ru/bitrix/modules/main/classes/general/component.php:535
	/var/www/u0095419/data/www/itprom.ru/bitrix/modules/main/classes/general/component.php:578
	/var/www/u0095419/data/www/itprom.ru/bitrix/modules/main/classes/general/main.php:1050
	/var/www/u0095419/data/www/itprom.ru/catalog/index.php:347
	/var/www/u0095419/data/www/itprom.ru/bitrix/modules/main/include/urlrewrite.php:159
----------
Host: itprom.ru
Date: 2016-01-03 10:40:45
Module: 
element
    include < CBitrixComponent::__includeComponent < CBitrixComponent::includeComponent < CAllMain::IncludeComponent < include_once
	/var/www/u0095419/data/www/itprom.ru/bitrix/modules/main/classes/general/component.php:535
	/var/www/u0095419/data/www/itprom.ru/bitrix/modules/main/classes/general/component.php:578
	/var/www/u0095419/data/www/itprom.ru/bitrix/modules/main/classes/general/main.php:1050
	/var/www/u0095419/data/www/itprom.ru/catalog/index.php:347
	/var/www/u0095419/data/www/itprom.ru/bitrix/modules/main/include/urlrewrite.php:159
----------
Host: itprom.ru
Date: 2016-01-03 10:40:49
Module: 
element
    include < CBitrixComponent::__includeComponent < CBitrixComponent::includeComponent < CAllMain::IncludeComponent < include_once
	/var/www/u0095419/data/www/itprom.ru/bitrix/modules/main/classes/general/component.php:535
	/var/www/u0095419/data/www/itprom.ru/bitrix/modules/main/classes/general/component.php:578
	/var/www/u0095419/data/www/itprom.ru/bitrix/modules/main/classes/general/main.php:1050
	/var/www/u0095419/data/www/itprom.ru/catalog/index.php:347
	/var/www/u0095419/data/www/itprom.ru/bitrix/modules/main/include/urlrewrite.php:159
----------
Host: itprom.ru
Date: 2016-01-03 11:17:35
Module: 
section
    include < CBitrixComponent::__includeComponent < CBitrixComponent::includeComponent < CAllMain::IncludeComponent < include_once
	/var/www/u0095419/data/www/itprom.ru/bitrix/modules/main/classes/general/component.php:535
	/var/www/u0095419/data/www/itprom.ru/bitrix/modules/main/classes/general/component.php:578
	/var/www/u0095419/data/www/itprom.ru/bitrix/modules/main/classes/general/main.php:1050
	/var/www/u0095419/data/www/itprom.ru/catalog/index.php:347
	/var/www/u0095419/data/www/itprom.ru/bitrix/modules/main/include/urlrewrite.php:159
----------
Host: itprom.ru
Date: 2016-01-03 11:18:38
Module: 
element
    include < CBitrixComponent::__includeComponent < CBitrixComponent::includeComponent < CAllMain::IncludeComponent < include_once
	/var/www/u0095419/data/www/itprom.ru/bitrix/modules/main/classes/general/component.php:535
	/var/www/u0095419/data/www/itprom.ru/bitrix/modules/main/classes/general/component.php:578
	/var/www/u0095419/data/www/itprom.ru/bitrix/modules/main/classes/general/main.php:1050
	/var/www/u0095419/data/www/itprom.ru/catalog/index.php:347
	/var/www/u0095419/data/www/itprom.ru/bitrix/modules/main/include/urlrewrite.php:159
----------
Host: itprom.ru
Date: 2016-01-03 11:18:40
Module: 
element
    include < CBitrixComponent::__includeComponent < CBitrixComponent::includeComponent < CAllMain::IncludeComponent < include_once
	/var/www/u0095419/data/www/itprom.ru/bitrix/modules/main/classes/general/component.php:535
	/var/www/u0095419/data/www/itprom.ru/bitrix/modules/main/classes/general/component.php:578
	/var/www/u0095419/data/www/itprom.ru/bitrix/modules/main/classes/general/main.php:1050
	/var/www/u0095419/data/www/itprom.ru/catalog/index.php:347
	/var/www/u0095419/data/www/itprom.ru/bitrix/modules/main/include/urlrewrite.php:159
----------
Host: itprom.ru
Date: 2016-01-03 11:19:48
Module: 
section
    include < CBitrixComponent::__includeComponent < CBitrixComponent::includeComponent < CAllMain::IncludeComponent < include_once
	/var/www/u0095419/data/www/itprom.ru/bitrix/modules/main/classes/general/component.php:535
	/var/www/u0095419/data/www/itprom.ru/bitrix/modules/main/classes/general/component.php:578
	/var/www/u0095419/data/www/itprom.ru/bitrix/modules/main/classes/general/main.php:1050
	/var/www/u0095419/data/www/itprom.ru/catalog/index.php:347
	/var/www/u0095419/data/www/itprom.ru/bitrix/modules/main/include/urlrewrite.php:159
----------
Host: itprom.ru
Date: 2016-01-03 12:31:44
Module: 
section
    include < CBitrixComponent::__includeComponent < CBitrixComponent::includeComponent < CAllMain::IncludeComponent < include_once
	/var/www/u0095419/data/www/itprom.ru/bitrix/modules/main/classes/general/component.php:535
	/var/www/u0095419/data/www/itprom.ru/bitrix/modules/main/classes/general/component.php:578
	/var/www/u0095419/data/www/itprom.ru/bitrix/modules/main/classes/general/main.php:1050
	/var/www/u0095419/data/www/itprom.ru/catalog/index.php:347
	/var/www/u0095419/data/www/itprom.ru/bitrix/modules/main/include/urlrewrite.php:159
----------
Host: itprom.ru
Date: 2016-01-03 12:42:17
Module: 
section
    include < CBitrixComponent::__includeComponent < CBitrixComponent::includeComponent < CAllMain::IncludeComponent < include_once
	/var/www/u0095419/data/www/itprom.ru/bitrix/modules/main/classes/general/component.php:535
	/var/www/u0095419/data/www/itprom.ru/bitrix/modules/main/classes/general/component.php:578
	/var/www/u0095419/data/www/itprom.ru/bitrix/modules/main/classes/general/main.php:1050
	/var/www/u0095419/data/www/itprom.ru/catalog/index.php:347
	/var/www/u0095419/data/www/itprom.ru/bitrix/modules/main/include/urlrewrite.php:159
----------
Host: itprom.ru
Date: 2016-01-03 12:42:19
Module: 
element
    include < CBitrixComponent::__includeComponent < CBitrixComponent::includeComponent < CAllMain::IncludeComponent < include_once
	/var/www/u0095419/data/www/itprom.ru/bitrix/modules/main/classes/general/component.php:535
	/var/www/u0095419/data/www/itprom.ru/bitrix/modules/main/classes/general/component.php:578
	/var/www/u0095419/data/www/itprom.ru/bitrix/modules/main/classes/general/main.php:1050
	/var/www/u0095419/data/www/itprom.ru/catalog/index.php:347
	/var/www/u0095419/data/www/itprom.ru/bitrix/modules/main/include/urlrewrite.php:159
----------
Host: itprom.ru
Date: 2016-01-03 12:50:58
Module: 
element
    include < CBitrixComponent::__includeComponent < CBitrixComponent::includeComponent < CAllMain::IncludeComponent < include_once
	/var/www/u0095419/data/www/itprom.ru/bitrix/modules/main/classes/general/component.php:535
	/var/www/u0095419/data/www/itprom.ru/bitrix/modules/main/classes/general/component.php:578
	/var/www/u0095419/data/www/itprom.ru/bitrix/modules/main/classes/general/main.php:1050
	/var/www/u0095419/data/www/itprom.ru/catalog/index.php:347
	/var/www/u0095419/data/www/itprom.ru/bitrix/modules/main/include/urlrewrite.php:159
----------
Host: itprom.ru
Date: 2016-01-03 13:25:17
Module: 
element
    include < CBitrixComponent::__includeComponent < CBitrixComponent::includeComponent < CAllMain::IncludeComponent < include_once
	/var/www/u0095419/data/www/itprom.ru/bitrix/modules/main/classes/general/component.php:535
	/var/www/u0095419/data/www/itprom.ru/bitrix/modules/main/classes/general/component.php:578
	/var/www/u0095419/data/www/itprom.ru/bitrix/modules/main/classes/general/main.php:1050
	/var/www/u0095419/data/www/itprom.ru/catalog/index.php:347
	/var/www/u0095419/data/www/itprom.ru/bitrix/modules/main/include/urlrewrite.php:159
----------
Host: itprom.ru
Date: 2016-01-03 13:25:19
Module: 
element
    include < CBitrixComponent::__includeComponent < CBitrixComponent::includeComponent < CAllMain::IncludeComponent < include_once
	/var/www/u0095419/data/www/itprom.ru/bitrix/modules/main/classes/general/component.php:535
	/var/www/u0095419/data/www/itprom.ru/bitrix/modules/main/classes/general/component.php:578
	/var/www/u0095419/data/www/itprom.ru/bitrix/modules/main/classes/general/main.php:1050
	/var/www/u0095419/data/www/itprom.ru/catalog/index.php:347
	/var/www/u0095419/data/www/itprom.ru/bitrix/modules/main/include/urlrewrite.php:159
----------
Host: itprom.ru
Date: 2016-01-03 14:01:51
Module: 
element
    include < CBitrixComponent::__includeComponent < CBitrixComponent::includeComponent < CAllMain::IncludeComponent < include_once
	/var/www/u0095419/data/www/itprom.ru/bitrix/modules/main/classes/general/component.php:535
	/var/www/u0095419/data/www/itprom.ru/bitrix/modules/main/classes/general/component.php:578
	/var/www/u0095419/data/www/itprom.ru/bitrix/modules/main/classes/general/main.php:1050
	/var/www/u0095419/data/www/itprom.ru/catalog/index.php:347
	/var/www/u0095419/data/www/itprom.ru/bitrix/modules/main/include/urlrewrite.php:159
----------
Host: itprom.ru
Date: 2016-01-03 14:01:53
Module: 
element
    include < CBitrixComponent::__includeComponent < CBitrixComponent::includeComponent < CAllMain::IncludeComponent < include_once
	/var/www/u0095419/data/www/itprom.ru/bitrix/modules/main/classes/general/component.php:535
	/var/www/u0095419/data/www/itprom.ru/bitrix/modules/main/classes/general/component.php:578
	/var/www/u0095419/data/www/itprom.ru/bitrix/modules/main/classes/general/main.php:1050
	/var/www/u0095419/data/www/itprom.ru/catalog/index.php:347
	/var/www/u0095419/data/www/itprom.ru/bitrix/modules/main/include/urlrewrite.php:159
----------
Host: itprom.ru
Date: 2016-01-03 14:24:37
Module: 
element
    include < CBitrixComponent::__includeComponent < CBitrixComponent::includeComponent < CAllMain::IncludeComponent < include_once
	/var/www/u0095419/data/www/itprom.ru/bitrix/modules/main/classes/general/component.php:535
	/var/www/u0095419/data/www/itprom.ru/bitrix/modules/main/classes/general/component.php:578
	/var/www/u0095419/data/www/itprom.ru/bitrix/modules/main/classes/general/main.php:1050
	/var/www/u0095419/data/www/itprom.ru/catalog/index.php:347
	/var/www/u0095419/data/www/itprom.ru/bitrix/modules/main/include/urlrewrite.php:159
----------
Host: itprom.ru
Date: 2016-01-03 15:07:55
Module: 
element
    include < CBitrixComponent::__includeComponent < CBitrixComponent::includeComponent < CAllMain::IncludeComponent < include_once
	/var/www/u0095419/data/www/itprom.ru/bitrix/modules/main/classes/general/component.php:535
	/var/www/u0095419/data/www/itprom.ru/bitrix/modules/main/classes/general/component.php:578
	/var/www/u0095419/data/www/itprom.ru/bitrix/modules/main/classes/general/main.php:1050
	/var/www/u0095419/data/www/itprom.ru/catalog/index.php:347
	/var/www/u0095419/data/www/itprom.ru/bitrix/modules/main/include/urlrewrite.php:159
----------
Host: itprom.ru
Date: 2016-01-03 17:03:14
Module: 
element
    include < CBitrixComponent::__includeComponent < CBitrixComponent::includeComponent < CAllMain::IncludeComponent < include_once
	/var/www/u0095419/data/www/itprom.ru/bitrix/modules/main/classes/general/component.php:535
	/var/www/u0095419/data/www/itprom.ru/bitrix/modules/main/classes/general/component.php:578
	/var/www/u0095419/data/www/itprom.ru/bitrix/modules/main/classes/general/main.php:1050
	/var/www/u0095419/data/www/itprom.ru/catalog/index.php:347
	/var/www/u0095419/data/www/itprom.ru/bitrix/modules/main/include/urlrewrite.php:159
----------
Host: itprom.ru
Date: 2016-01-03 17:27:21
Module: 
element
    include < CBitrixComponent::__includeComponent < CBitrixComponent::includeComponent < CAllMain::IncludeComponent < include_once
	/var/www/u0095419/data/www/itprom.ru/bitrix/modules/main/classes/general/component.php:535
	/var/www/u0095419/data/www/itprom.ru/bitrix/modules/main/classes/general/component.php:578
	/var/www/u0095419/data/www/itprom.ru/bitrix/modules/main/classes/general/main.php:1050
	/var/www/u0095419/data/www/itprom.ru/catalog/index.php:347
	/var/www/u0095419/data/www/itprom.ru/bitrix/modules/main/include/urlrewrite.php:159
----------
Host: itprom.ru
Date: 2016-01-03 18:20:00
Module: 
element
    include < CBitrixComponent::__includeComponent < CBitrixComponent::includeComponent < CAllMain::IncludeComponent < include_once
	/var/www/u0095419/data/www/itprom.ru/bitrix/modules/main/classes/general/component.php:535
	/var/www/u0095419/data/www/itprom.ru/bitrix/modules/main/classes/general/component.php:578
	/var/www/u0095419/data/www/itprom.ru/bitrix/modules/main/classes/general/main.php:1050
	/var/www/u0095419/data/www/itprom.ru/catalog/index.php:347
	/var/www/u0095419/data/www/itprom.ru/bitrix/modules/main/include/urlrewrite.php:159
----------
Host: itprom.ru
Date: 2016-01-03 18:20:38
Module: 
section
    include < CBitrixComponent::__includeComponent < CBitrixComponent::includeComponent < CAllMain::IncludeComponent < include_once
	/var/www/u0095419/data/www/itprom.ru/bitrix/modules/main/classes/general/component.php:535
	/var/www/u0095419/data/www/itprom.ru/bitrix/modules/main/classes/general/component.php:578
	/var/www/u0095419/data/www/itprom.ru/bitrix/modules/main/classes/general/main.php:1050
	/var/www/u0095419/data/www/itprom.ru/catalog/index.php:347
	/var/www/u0095419/data/www/itprom.ru/bitrix/modules/main/include/urlrewrite.php:159
----------
Host: itprom.ru
Date: 2016-01-03 18:33:36
Module: 
element
    include < CBitrixComponent::__includeComponent < CBitrixComponent::includeComponent < CAllMain::IncludeComponent < include_once
	/var/www/u0095419/data/www/itprom.ru/bitrix/modules/main/classes/general/component.php:535
	/var/www/u0095419/data/www/itprom.ru/bitrix/modules/main/classes/general/component.php:578
	/var/www/u0095419/data/www/itprom.ru/bitrix/modules/main/classes/general/main.php:1050
	/var/www/u0095419/data/www/itprom.ru/catalog/index.php:347
	/var/www/u0095419/data/www/itprom.ru/bitrix/modules/main/include/urlrewrite.php:159
----------
Host: itprom.ru
Date: 2016-01-03 18:36:08
Module: 
smart_filter
    include < CBitrixComponent::__includeComponent < CBitrixComponent::includeComponent < CAllMain::IncludeComponent < include_once
	/var/www/u0095419/data/www/itprom.ru/bitrix/modules/main/classes/general/component.php:535
	/var/www/u0095419/data/www/itprom.ru/bitrix/modules/main/classes/general/component.php:578
	/var/www/u0095419/data/www/itprom.ru/bitrix/modules/main/classes/general/main.php:1050
	/var/www/u0095419/data/www/itprom.ru/catalog/index.php:347
	/var/www/u0095419/data/www/itprom.ru/bitrix/modules/main/include/urlrewrite.php:159
----------
Host: itprom.ru
Date: 2016-01-03 18:36:13
Module: 
smart_filter
    include < CBitrixComponent::__includeComponent < CBitrixComponent::includeComponent < CAllMain::IncludeComponent < include_once
	/var/www/u0095419/data/www/itprom.ru/bitrix/modules/main/classes/general/component.php:535
	/var/www/u0095419/data/www/itprom.ru/bitrix/modules/main/classes/general/component.php:578
	/var/www/u0095419/data/www/itprom.ru/bitrix/modules/main/classes/general/main.php:1050
	/var/www/u0095419/data/www/itprom.ru/catalog/index.php:347
	/var/www/u0095419/data/www/itprom.ru/bitrix/modules/main/include/urlrewrite.php:159
----------
Host: itprom.ru
Date: 2016-01-03 18:36:15
Module: 
smart_filter
    include < CBitrixComponent::__includeComponent < CBitrixComponent::includeComponent < CAllMain::IncludeComponent < include_once
	/var/www/u0095419/data/www/itprom.ru/bitrix/modules/main/classes/general/component.php:535
	/var/www/u0095419/data/www/itprom.ru/bitrix/modules/main/classes/general/component.php:578
	/var/www/u0095419/data/www/itprom.ru/bitrix/modules/main/classes/general/main.php:1050
	/var/www/u0095419/data/www/itprom.ru/catalog/index.php:347
	/var/www/u0095419/data/www/itprom.ru/bitrix/modules/main/include/urlrewrite.php:159
----------
Host: itprom.ru
Date: 2016-01-03 18:36:17
Module: 
smart_filter
    include < CBitrixComponent::__includeComponent < CBitrixComponent::includeComponent < CAllMain::IncludeComponent < include_once
	/var/www/u0095419/data/www/itprom.ru/bitrix/modules/main/classes/general/component.php:535
	/var/www/u0095419/data/www/itprom.ru/bitrix/modules/main/classes/general/component.php:578
	/var/www/u0095419/data/www/itprom.ru/bitrix/modules/main/classes/general/main.php:1050
	/var/www/u0095419/data/www/itprom.ru/catalog/index.php:347
	/var/www/u0095419/data/www/itprom.ru/bitrix/modules/main/include/urlrewrite.php:159
----------
Host: itprom.ru
Date: 2016-01-03 18:36:18
Module: 
smart_filter
    include < CBitrixComponent::__includeComponent < CBitrixComponent::includeComponent < CAllMain::IncludeComponent < include_once
	/var/www/u0095419/data/www/itprom.ru/bitrix/modules/main/classes/general/component.php:535
	/var/www/u0095419/data/www/itprom.ru/bitrix/modules/main/classes/general/component.php:578
	/var/www/u0095419/data/www/itprom.ru/bitrix/modules/main/classes/general/main.php:1050
	/var/www/u0095419/data/www/itprom.ru/catalog/index.php:347
	/var/www/u0095419/data/www/itprom.ru/bitrix/modules/main/include/urlrewrite.php:159
----------
Host: itprom.ru
Date: 2016-01-03 18:36:22
Module: 
element
    include < CBitrixComponent::__includeComponent < CBitrixComponent::includeComponent < CAllMain::IncludeComponent < include_once
	/var/www/u0095419/data/www/itprom.ru/bitrix/modules/main/classes/general/component.php:535
	/var/www/u0095419/data/www/itprom.ru/bitrix/modules/main/classes/general/component.php:578
	/var/www/u0095419/data/www/itprom.ru/bitrix/modules/main/classes/general/main.php:1050
	/var/www/u0095419/data/www/itprom.ru/catalog/index.php:347
	/var/www/u0095419/data/www/itprom.ru/bitrix/modules/main/include/urlrewrite.php:159
----------
Host: itprom.ru
Date: 2016-01-03 18:36:24
Module: 
element
    include < CBitrixComponent::__includeComponent < CBitrixComponent::includeComponent < CAllMain::IncludeComponent < include_once
	/var/www/u0095419/data/www/itprom.ru/bitrix/modules/main/classes/general/component.php:535
	/var/www/u0095419/data/www/itprom.ru/bitrix/modules/main/classes/general/component.php:578
	/var/www/u0095419/data/www/itprom.ru/bitrix/modules/main/classes/general/main.php:1050
	/var/www/u0095419/data/www/itprom.ru/catalog/index.php:347
	/var/www/u0095419/data/www/itprom.ru/bitrix/modules/main/include/urlrewrite.php:159
----------
Host: itprom.ru
Date: 2016-01-03 18:36:26
Module: 
element
    include < CBitrixComponent::__includeComponent < CBitrixComponent::includeComponent < CAllMain::IncludeComponent < include_once
	/var/www/u0095419/data/www/itprom.ru/bitrix/modules/main/classes/general/component.php:535
	/var/www/u0095419/data/www/itprom.ru/bitrix/modules/main/classes/general/component.php:578
	/var/www/u0095419/data/www/itprom.ru/bitrix/modules/main/classes/general/main.php:1050
	/var/www/u0095419/data/www/itprom.ru/catalog/index.php:347
	/var/www/u0095419/data/www/itprom.ru/bitrix/modules/main/include/urlrewrite.php:159
----------
Host: itprom.ru
Date: 2016-01-03 18:36:28
Module: 
element
    include < CBitrixComponent::__includeComponent < CBitrixComponent::includeComponent < CAllMain::IncludeComponent < include_once
	/var/www/u0095419/data/www/itprom.ru/bitrix/modules/main/classes/general/component.php:535
	/var/www/u0095419/data/www/itprom.ru/bitrix/modules/main/classes/general/component.php:578
	/var/www/u0095419/data/www/itprom.ru/bitrix/modules/main/classes/general/main.php:1050
	/var/www/u0095419/data/www/itprom.ru/catalog/index.php:347
	/var/www/u0095419/data/www/itprom.ru/bitrix/modules/main/include/urlrewrite.php:159
----------
Host: itprom.ru
Date: 2016-01-03 18:36:29
Module: 
element
    include < CBitrixComponent::__includeComponent < CBitrixComponent::includeComponent < CAllMain::IncludeComponent < include_once
	/var/www/u0095419/data/www/itprom.ru/bitrix/modules/main/classes/general/component.php:535
	/var/www/u0095419/data/www/itprom.ru/bitrix/modules/main/classes/general/component.php:578
	/var/www/u0095419/data/www/itprom.ru/bitrix/modules/main/classes/general/main.php:1050
	/var/www/u0095419/data/www/itprom.ru/catalog/index.php:347
	/var/www/u0095419/data/www/itprom.ru/bitrix/modules/main/include/urlrewrite.php:159
----------
Host: itprom.ru
Date: 2016-01-03 18:36:33
Module: 
element
    include < CBitrixComponent::__includeComponent < CBitrixComponent::includeComponent < CAllMain::IncludeComponent < include_once
	/var/www/u0095419/data/www/itprom.ru/bitrix/modules/main/classes/general/component.php:535
	/var/www/u0095419/data/www/itprom.ru/bitrix/modules/main/classes/general/component.php:578
	/var/www/u0095419/data/www/itprom.ru/bitrix/modules/main/classes/general/main.php:1050
	/var/www/u0095419/data/www/itprom.ru/catalog/index.php:347
	/var/www/u0095419/data/www/itprom.ru/bitrix/modules/main/include/urlrewrite.php:159
----------
Host: itprom.ru
Date: 2016-01-03 18:36:35
Module: 
element
    include < CBitrixComponent::__includeComponent < CBitrixComponent::includeComponent < CAllMain::IncludeComponent < include_once
	/var/www/u0095419/data/www/itprom.ru/bitrix/modules/main/classes/general/component.php:535
	/var/www/u0095419/data/www/itprom.ru/bitrix/modules/main/classes/general/component.php:578
	/var/www/u0095419/data/www/itprom.ru/bitrix/modules/main/classes/general/main.php:1050
	/var/www/u0095419/data/www/itprom.ru/catalog/index.php:347
	/var/www/u0095419/data/www/itprom.ru/bitrix/modules/main/include/urlrewrite.php:159
----------
Host: itprom.ru
Date: 2016-01-03 18:36:38
Module: 
element
    include < CBitrixComponent::__includeComponent < CBitrixComponent::includeComponent < CAllMain::IncludeComponent < include_once
	/var/www/u0095419/data/www/itprom.ru/bitrix/modules/main/classes/general/component.php:535
	/var/www/u0095419/data/www/itprom.ru/bitrix/modules/main/classes/general/component.php:578
	/var/www/u0095419/data/www/itprom.ru/bitrix/modules/main/classes/general/main.php:1050
	/var/www/u0095419/data/www/itprom.ru/catalog/index.php:347
	/var/www/u0095419/data/www/itprom.ru/bitrix/modules/main/include/urlrewrite.php:159
----------
Host: itprom.ru
Date: 2016-01-03 18:36:39
Module: 
element
    include < CBitrixComponent::__includeComponent < CBitrixComponent::includeComponent < CAllMain::IncludeComponent < include_once
	/var/www/u0095419/data/www/itprom.ru/bitrix/modules/main/classes/general/component.php:535
	/var/www/u0095419/data/www/itprom.ru/bitrix/modules/main/classes/general/component.php:578
	/var/www/u0095419/data/www/itprom.ru/bitrix/modules/main/classes/general/main.php:1050
	/var/www/u0095419/data/www/itprom.ru/catalog/index.php:347
	/var/www/u0095419/data/www/itprom.ru/bitrix/modules/main/include/urlrewrite.php:159
----------
Host: itprom.ru
Date: 2016-01-03 18:36:54
Module: 
smart_filter
    include < CBitrixComponent::__includeComponent < CBitrixComponent::includeComponent < CAllMain::IncludeComponent < include_once
	/var/www/u0095419/data/www/itprom.ru/bitrix/modules/main/classes/general/component.php:535
	/var/www/u0095419/data/www/itprom.ru/bitrix/modules/main/classes/general/component.php:578
	/var/www/u0095419/data/www/itprom.ru/bitrix/modules/main/classes/general/main.php:1050
	/var/www/u0095419/data/www/itprom.ru/catalog/index.php:347
	/var/www/u0095419/data/www/itprom.ru/bitrix/modules/main/include/urlrewrite.php:159
----------
Host: itprom.ru
Date: 2016-01-03 19:34:40
Module: 
element
    include < CBitrixComponent::__includeComponent < CBitrixComponent::includeComponent < CAllMain::IncludeComponent < include_once
	/var/www/u0095419/data/www/itprom.ru/bitrix/modules/main/classes/general/component.php:535
	/var/www/u0095419/data/www/itprom.ru/bitrix/modules/main/classes/general/component.php:578
	/var/www/u0095419/data/www/itprom.ru/bitrix/modules/main/classes/general/main.php:1050
	/var/www/u0095419/data/www/itprom.ru/catalog/index.php:347
	/var/www/u0095419/data/www/itprom.ru/bitrix/modules/main/include/urlrewrite.php:159
----------
Host: itprom.ru
Date: 2016-01-03 19:39:41
Module: 
element
    include < CBitrixComponent::__includeComponent < CBitrixComponent::includeComponent < CAllMain::IncludeComponent < include_once
	/var/www/u0095419/data/www/itprom.ru/bitrix/modules/main/classes/general/component.php:535
	/var/www/u0095419/data/www/itprom.ru/bitrix/modules/main/classes/general/component.php:578
	/var/www/u0095419/data/www/itprom.ru/bitrix/modules/main/classes/general/main.php:1050
	/var/www/u0095419/data/www/itprom.ru/catalog/index.php:347
	/var/www/u0095419/data/www/itprom.ru/bitrix/modules/main/include/urlrewrite.php:159
----------
Host: itprom.ru
Date: 2016-01-03 20:10:21
Module: 
section
    include < CBitrixComponent::__includeComponent < CBitrixComponent::includeComponent < CAllMain::IncludeComponent < include_once
	/var/www/u0095419/data/www/itprom.ru/bitrix/modules/main/classes/general/component.php:535
	/var/www/u0095419/data/www/itprom.ru/bitrix/modules/main/classes/general/component.php:578
	/var/www/u0095419/data/www/itprom.ru/bitrix/modules/main/classes/general/main.php:1050
	/var/www/u0095419/data/www/itprom.ru/catalog/index.php:347
	/var/www/u0095419/data/www/itprom.ru/bitrix/modules/main/include/urlrewrite.php:159
----------
Host: itprom.ru
Date: 2016-01-03 20:10:26
Module: 
section
    include < CBitrixComponent::__includeComponent < CBitrixComponent::includeComponent < CAllMain::IncludeComponent < include_once
	/var/www/u0095419/data/www/itprom.ru/bitrix/modules/main/classes/general/component.php:535
	/var/www/u0095419/data/www/itprom.ru/bitrix/modules/main/classes/general/component.php:578
	/var/www/u0095419/data/www/itprom.ru/bitrix/modules/main/classes/general/main.php:1050
	/var/www/u0095419/data/www/itprom.ru/catalog/index.php:347
	/var/www/u0095419/data/www/itprom.ru/bitrix/modules/main/include/urlrewrite.php:159
----------
Host: itprom.ru
Date: 2016-01-03 20:10:33
Module: 
smart_filter
    include < CBitrixComponent::__includeComponent < CBitrixComponent::includeComponent < CAllMain::IncludeComponent < include_once
	/var/www/u0095419/data/www/itprom.ru/bitrix/modules/main/classes/general/component.php:535
	/var/www/u0095419/data/www/itprom.ru/bitrix/modules/main/classes/general/component.php:578
	/var/www/u0095419/data/www/itprom.ru/bitrix/modules/main/classes/general/main.php:1050
	/var/www/u0095419/data/www/itprom.ru/catalog/index.php:347
	/var/www/u0095419/data/www/itprom.ru/bitrix/modules/main/include/urlrewrite.php:159
----------
Host: itprom.ru
Date: 2016-01-03 20:10:45
Module: 
smart_filter
    include < CBitrixComponent::__includeComponent < CBitrixComponent::includeComponent < CAllMain::IncludeComponent < include_once
	/var/www/u0095419/data/www/itprom.ru/bitrix/modules/main/classes/general/component.php:535
	/var/www/u0095419/data/www/itprom.ru/bitrix/modules/main/classes/general/component.php:578
	/var/www/u0095419/data/www/itprom.ru/bitrix/modules/main/classes/general/main.php:1050
	/var/www/u0095419/data/www/itprom.ru/catalog/index.php:347
	/var/www/u0095419/data/www/itprom.ru/bitrix/modules/main/include/urlrewrite.php:159
----------
Host: itprom.ru
Date: 2016-01-03 20:10:45
Module: 
smart_filter
    include < CBitrixComponent::__includeComponent < CBitrixComponent::includeComponent < CAllMain::IncludeComponent < include_once
	/var/www/u0095419/data/www/itprom.ru/bitrix/modules/main/classes/general/component.php:535
	/var/www/u0095419/data/www/itprom.ru/bitrix/modules/main/classes/general/component.php:578
	/var/www/u0095419/data/www/itprom.ru/bitrix/modules/main/classes/general/main.php:1050
	/var/www/u0095419/data/www/itprom.ru/catalog/index.php:347
	/var/www/u0095419/data/www/itprom.ru/bitrix/modules/main/include/urlrewrite.php:159
----------
Host: itprom.ru
Date: 2016-01-03 21:13:55
Module: 
element
    include < CBitrixComponent::__includeComponent < CBitrixComponent::includeComponent < CAllMain::IncludeComponent < include_once
	/var/www/u0095419/data/www/itprom.ru/bitrix/modules/main/classes/general/component.php:535
	/var/www/u0095419/data/www/itprom.ru/bitrix/modules/main/classes/general/component.php:578
	/var/www/u0095419/data/www/itprom.ru/bitrix/modules/main/classes/general/main.php:1050
	/var/www/u0095419/data/www/itprom.ru/catalog/index.php:347
	/var/www/u0095419/data/www/itprom.ru/bitrix/modules/main/include/urlrewrite.php:159
----------
Host: www.itprom.ru
Date: 2016-01-03 23:05:35
Module: 
element
    include < CBitrixComponent::__includeComponent < CBitrixComponent::includeComponent < CAllMain::IncludeComponent < include_once
	/var/www/u0095419/data/www/itprom.ru/bitrix/modules/main/classes/general/component.php:535
	/var/www/u0095419/data/www/itprom.ru/bitrix/modules/main/classes/general/component.php:578
	/var/www/u0095419/data/www/itprom.ru/bitrix/modules/main/classes/general/main.php:1050
	/var/www/u0095419/data/www/itprom.ru/catalog/index.php:347
	/var/www/u0095419/data/www/itprom.ru/bitrix/modules/main/include/urlrewrite.php:159
----------
Host: itprom.ru
Date: 2016-01-03 23:07:48
Module: 
section
    include < CBitrixComponent::__includeComponent < CBitrixComponent::includeComponent < CAllMain::IncludeComponent < include_once
	/var/www/u0095419/data/www/itprom.ru/bitrix/modules/main/classes/general/component.php:535
	/var/www/u0095419/data/www/itprom.ru/bitrix/modules/main/classes/general/component.php:578
	/var/www/u0095419/data/www/itprom.ru/bitrix/modules/main/classes/general/main.php:1050
	/var/www/u0095419/data/www/itprom.ru/catalog/index.php:347
	/var/www/u0095419/data/www/itprom.ru/bitrix/modules/main/include/urlrewrite.php:159
----------
Host: itprom.ru
Date: 2016-01-03 23:46:02
Module: 
element
    include < CBitrixComponent::__includeComponent < CBitrixComponent::includeComponent < CAllMain::IncludeComponent < include_once
	/var/www/u0095419/data/www/itprom.ru/bitrix/modules/main/classes/general/component.php:535
	/var/www/u0095419/data/www/itprom.ru/bitrix/modules/main/classes/general/component.php:578
	/var/www/u0095419/data/www/itprom.ru/bitrix/modules/main/classes/general/main.php:1050
	/var/www/u0095419/data/www/itprom.ru/catalog/index.php:347
	/var/www/u0095419/data/www/itprom.ru/bitrix/modules/main/include/urlrewrite.php:159
----------
