Host: 15918.b2153.dhpage.net
Date: 2016-01-12 15:34:06
Module: 
section
    include < CBitrixComponent::__includeComponent < CBitrixComponent::includeComponent < CAllMain::IncludeComponent < include_once
	/home/b2153/domains/itprom.ru/www/bitrix/modules/main/classes/general/component.php:535
	/home/b2153/domains/itprom.ru/www/bitrix/modules/main/classes/general/component.php:578
	/home/b2153/domains/itprom.ru/www/bitrix/modules/main/classes/general/main.php:1050
	/home/b2153/domains/itprom.ru/www/catalog/index.php:347
	/home/b2153/domains/itprom.ru/www/bitrix/modules/main/include/urlrewrite.php:159
----------
Host: 15918.b2153.dhpage.net
Date: 2016-01-12 15:34:11
Module: 
section
    include < CBitrixComponent::__includeComponent < CBitrixComponent::includeComponent < CAllMain::IncludeComponent < include_once
	/home/b2153/domains/itprom.ru/www/bitrix/modules/main/classes/general/component.php:535
	/home/b2153/domains/itprom.ru/www/bitrix/modules/main/classes/general/component.php:578
	/home/b2153/domains/itprom.ru/www/bitrix/modules/main/classes/general/main.php:1050
	/home/b2153/domains/itprom.ru/www/catalog/index.php:347
	/home/b2153/domains/itprom.ru/www/bitrix/modules/main/include/urlrewrite.php:159
----------
Host: 15918.b2153.dhpage.net
Date: 2016-01-12 15:41:48
Module: 
section
    include < CBitrixComponent::__includeComponent < CBitrixComponent::includeComponent < CAllMain::IncludeComponent < include_once
	/home/b2153/domains/itprom.ru/www/bitrix/modules/main/classes/general/component.php:535
	/home/b2153/domains/itprom.ru/www/bitrix/modules/main/classes/general/component.php:578
	/home/b2153/domains/itprom.ru/www/bitrix/modules/main/classes/general/main.php:1050
	/home/b2153/domains/itprom.ru/www/catalog/index.php:347
	/home/b2153/domains/itprom.ru/www/bitrix/modules/main/include/urlrewrite.php:159
----------
Host: 15918.b2153.dhpage.net
Date: 2016-01-12 15:41:51
Module: 
section
    include < CBitrixComponent::__includeComponent < CBitrixComponent::includeComponent < CAllMain::IncludeComponent < include_once
	/home/b2153/domains/itprom.ru/www/bitrix/modules/main/classes/general/component.php:535
	/home/b2153/domains/itprom.ru/www/bitrix/modules/main/classes/general/component.php:578
	/home/b2153/domains/itprom.ru/www/bitrix/modules/main/classes/general/main.php:1050
	/home/b2153/domains/itprom.ru/www/catalog/index.php:347
	/home/b2153/domains/itprom.ru/www/bitrix/modules/main/include/urlrewrite.php:159
----------
Host: 15918.b2153.dhpage.net
Date: 2016-01-12 15:41:54
Module: 
section
    include < CBitrixComponent::__includeComponent < CBitrixComponent::includeComponent < CAllMain::IncludeComponent < include_once
	/home/b2153/domains/itprom.ru/www/bitrix/modules/main/classes/general/component.php:535
	/home/b2153/domains/itprom.ru/www/bitrix/modules/main/classes/general/component.php:578
	/home/b2153/domains/itprom.ru/www/bitrix/modules/main/classes/general/main.php:1050
	/home/b2153/domains/itprom.ru/www/catalog/index.php:347
	/home/b2153/domains/itprom.ru/www/bitrix/modules/main/include/urlrewrite.php:159
----------
Host: 15918.b2153.dhpage.net
Date: 2016-01-12 15:41:57
Module: 
section
    include < CBitrixComponent::__includeComponent < CBitrixComponent::includeComponent < CAllMain::IncludeComponent < include_once
	/home/b2153/domains/itprom.ru/www/bitrix/modules/main/classes/general/component.php:535
	/home/b2153/domains/itprom.ru/www/bitrix/modules/main/classes/general/component.php:578
	/home/b2153/domains/itprom.ru/www/bitrix/modules/main/classes/general/main.php:1050
	/home/b2153/domains/itprom.ru/www/catalog/index.php:347
	/home/b2153/domains/itprom.ru/www/bitrix/modules/main/include/urlrewrite.php:159
----------
Host: 15918.b2153.dhpage.net
Date: 2016-01-12 15:42:00
Module: 
section
    include < CBitrixComponent::__includeComponent < CBitrixComponent::includeComponent < CAllMain::IncludeComponent < include_once
	/home/b2153/domains/itprom.ru/www/bitrix/modules/main/classes/general/component.php:535
	/home/b2153/domains/itprom.ru/www/bitrix/modules/main/classes/general/component.php:578
	/home/b2153/domains/itprom.ru/www/bitrix/modules/main/classes/general/main.php:1050
	/home/b2153/domains/itprom.ru/www/catalog/index.php:347
	/home/b2153/domains/itprom.ru/www/bitrix/modules/main/include/urlrewrite.php:159
----------
Host: 15918.b2153.dhpage.net
Date: 2016-01-12 15:42:03
Module: 
section
    include < CBitrixComponent::__includeComponent < CBitrixComponent::includeComponent < CAllMain::IncludeComponent < include_once
	/home/b2153/domains/itprom.ru/www/bitrix/modules/main/classes/general/component.php:535
	/home/b2153/domains/itprom.ru/www/bitrix/modules/main/classes/general/component.php:578
	/home/b2153/domains/itprom.ru/www/bitrix/modules/main/classes/general/main.php:1050
	/home/b2153/domains/itprom.ru/www/catalog/index.php:347
	/home/b2153/domains/itprom.ru/www/bitrix/modules/main/include/urlrewrite.php:159
----------
Host: 15918.b2153.dhpage.net
Date: 2016-01-12 15:42:06
Module: 
section
    include < CBitrixComponent::__includeComponent < CBitrixComponent::includeComponent < CAllMain::IncludeComponent < include_once
	/home/b2153/domains/itprom.ru/www/bitrix/modules/main/classes/general/component.php:535
	/home/b2153/domains/itprom.ru/www/bitrix/modules/main/classes/general/component.php:578
	/home/b2153/domains/itprom.ru/www/bitrix/modules/main/classes/general/main.php:1050
	/home/b2153/domains/itprom.ru/www/catalog/index.php:347
	/home/b2153/domains/itprom.ru/www/bitrix/modules/main/include/urlrewrite.php:159
----------
